1.0344 	WARNING 	We strongly recommend you activate the PTB sound engine in PsychoPy prefs as the preferred audio engine. Its timing is vastly superior. Your prefs are currently set to use ['sounddevice', 'PTB', 'pyo', 'pygame'] (in that order).
6.2215 	EXP 	Created window1 = Window(allowGUI=False, allowStencil=False, autoLog=True, backendConf=UNKNOWN, bitsMode=UNKNOWN, blendMode='avg', bpc=(8, 8, 8), color=array([0, 0, 0]), colorSpace='rgb', depthBits=8, fullscr=<method-wrapper '__getattribute__' of attributeSetter object at 0x000002AEDE0A5AF0>, gamma=None, gammaErrorPolicy='raise', lms=UNKNOWN, monitor=<psychopy.monitors.calibTools.Monitor object at 0x000002AEDED600D0>, multiSample=False, name='window1', numSamples=2, pos=(0, 0), screen=0, size=array([1920, 1080]), stencilBits=0, stereo=False, units='norm', useFBO=True, useRetina=False, viewOri=0.0, viewPos=None, viewScale=None, waitBlanking=True, winType='pyglet')
6.2219 	EXP 	window1: mouseVisible = True
6.2219 	EXP 	window1: Attempting to measure frame rate of screen (0) ...
6.2219 	EXP 	window1: recordFrameIntervals = False
6.3871 	EXP 	window1: recordFrameIntervals = True
6.5707 	EXP 	Screen (0) actual frame rate measured at 60.03Hz
6.5708 	EXP 	window1: recordFrameIntervals = False
7.8673 	EXP 	Created image = ImageStim(__class__=<class 'psychopy.visual.image.ImageStim'>, anchor=('center', 'center'), autoLog=True, color=array([1., 1., 1.]), colorSpace='rgb', contrast=1.0, depth=0.0, flipHoriz=False, flipVert=False, image='Instructions_image.PNG', interpolate=True, mask=None, maskParams=None, name='image', opacity=1, ori=0.0, pos=array([0., 0.]), size=array([2., 2.]), texRes=128.0, units='norm', win=Window(...))
7.8747 	EXP 	Created target_quest = TextStim(__class__=<class 'psychopy.visual.text.TextStim'>, alignHoriz=method-wrapper(...), alignText='center', alignVert=method-wrapper(...), anchorHoriz='center', anchorVert='center', antialias=True, autoLog=True, bold=False, color=array([-1., -1., -1.]), colorSpace='rgb', contrast=1.0, depth=0.0, flipHoriz=False, flipVert=False, font='Open Sans', fontFiles=[], height=0.15, italic=False, languageStyle='RTL', name='target_quest', opacity=1, ori=0.0, pos=array([0., 0.]), rgb=UNKNOWN, text='', units='norm', win=Window(...), wrapWidth=1)
7.8766 	EXP 	Created polygon = ShapeStim(__class__=<class 'psychopy.visual.shape.ShapeStim'>, anchor=('center', 'center'), autoDraw=False, autoLog=True, closeShape=True, color=method-wrapper(...), colorSpace='rgb', contrast=None, depth=0.0, fillColor=array([-1., -1., -1.]), fillColorSpace='rgb', fillRGB=array([-1., -1., -1.]), interpolate=True, lineColor=array([-1., -1., -1.]), lineColorSpace='rgb', lineRGB=array([-1., -1., -1.]), lineWidth=1.0, name='polygon', opacity=1, ori=0.0, pos=array([0., 0.]), size=array([0.25, 0.25]), units='norm', vertices=ndarray(...), win=Window(...), windingRule=None)
7.8780 	EXP 	Created target_word = TextStim(__class__=<class 'psychopy.visual.text.TextStim'>, alignHoriz=method-wrapper(...), alignText='center', alignVert=method-wrapper(...), anchorHoriz='center', anchorVert='center', antialias=True, autoLog=True, bold=False, color=array([-1., -1., -1.]), colorSpace='rgb', contrast=1.0, depth=0.0, flipHoriz=False, flipVert=False, font='Open Sans', fontFiles=[], height=0.2, italic=False, languageStyle='RTL', name='target_word', opacity=1, ori=0.0, pos=array([0., 0.]), rgb=UNKNOWN, text='', units='norm', win=Window(...), wrapWidth=1)
8.0718 	EXP 	Sound target_sound set volume 1.000
8.2146 	EXP 	image: autoDraw = True
9.3434 	EXP 	Imported questions.xlsx as conditions, 5 conditions, 1 params
9.3437 	EXP 	Created sequence: fullRandom, trialTypes=5, nReps=1, seed=None
9.3439 	EXP 	New trial (rep=0, index=0): {'Question_stim': 'האם לאריאל יש שני בנים?'}
9.3888 	EXP 	image: autoDraw = False
9.3888 	EXP 	target_quest: height = 0.15
9.3888 	EXP 	target_quest: height = 0.15
9.3888 	EXP 	target_quest: text = 'האם לאריאל יש שני בנים?'
9.3888 	EXP 	target_quest: autoDraw = True
10.8626 	EXP 	Imported stim_words.xlsx as conditions, 3 conditions, 4 params
10.8629 	EXP 	Created sequence: fullRandom, trialTypes=3, nReps=2, seed=None
10.8630 	EXP 	New trial (rep=0, index=0): {'stim': 'whiteNoise', 'word': 'רעש', 'color': 'grey', 'sound_target': 'PinkNoise.wav'}
10.8717 	EXP 	target_quest: autoDraw = False
10.8717 	EXP 	polygon: autoDraw = True
12.8715 	EXP 	polygon: autoDraw = False
12.8715 	EXP 	target_word: height = 0.2
12.8715 	EXP 	target_word: height = 0.2
12.8715 	EXP 	target_word: text = 'רעש'
12.8715 	EXP 	target_word: autoDraw = True
13.5558 	EXP 	New trial (rep=0, index=1): {'stim': 'no', 'word': 'לא', 'color': 'black', 'sound_target': 'NOhebYardenSHORT.wav'}
13.5712 	EXP 	target_word: autoDraw = False
13.5712 	EXP 	polygon: autoDraw = True
15.5711 	EXP 	polygon: autoDraw = False
15.5711 	EXP 	target_word: height = 0.2
15.5711 	EXP 	target_word: height = 0.2
15.5711 	EXP 	target_word: text = 'לא'
15.5711 	EXP 	target_word: autoDraw = True
16.2559 	EXP 	New trial (rep=0, index=2): {'stim': 'yes', 'word': 'כן', 'color': 'black', 'sound_target': 'YEShebYardenSHORT.wav'}
16.2707 	EXP 	target_word: autoDraw = False
16.2707 	EXP 	polygon: autoDraw = True
18.2708 	EXP 	polygon: autoDraw = False
18.2708 	EXP 	target_word: height = 0.2
18.2708 	EXP 	target_word: height = 0.2
18.2708 	EXP 	target_word: text = 'כן'
18.2708 	EXP 	target_word: autoDraw = True
18.9549 	EXP 	New trial (rep=1, index=0): {'stim': 'yes', 'word': 'כן', 'color': 'black', 'sound_target': 'YEShebYardenSHORT.wav'}
18.9707 	EXP 	target_word: autoDraw = False
18.9707 	EXP 	polygon: autoDraw = True
20.9705 	EXP 	polygon: autoDraw = False
20.9705 	EXP 	target_word: height = 0.2
20.9705 	EXP 	target_word: height = 0.2
20.9705 	EXP 	target_word: text = 'כן'
20.9705 	EXP 	target_word: autoDraw = True
21.6543 	EXP 	New trial (rep=1, index=1): {'stim': 'whiteNoise', 'word': 'רעש', 'color': 'grey', 'sound_target': 'PinkNoise.wav'}
21.6703 	EXP 	target_word: autoDraw = False
21.6703 	EXP 	polygon: autoDraw = True
23.6701 	EXP 	polygon: autoDraw = False
23.6701 	EXP 	target_word: height = 0.2
23.6701 	EXP 	target_word: height = 0.2
23.6701 	EXP 	target_word: text = 'רעש'
23.6701 	EXP 	target_word: autoDraw = True
24.3543 	EXP 	New trial (rep=1, index=2): {'stim': 'no', 'word': 'לא', 'color': 'black', 'sound_target': 'NOhebYardenSHORT.wav'}
24.3698 	EXP 	target_word: autoDraw = False
24.3698 	EXP 	polygon: autoDraw = True
25.3705 	EXP 	window1: mouseVisible = True
