1.0031 	WARNING 	We strongly recommend you activate the PTB sound engine in PsychoPy prefs as the preferred audio engine. Its timing is vastly superior. Your prefs are currently set to use ['sounddevice', 'PTB', 'pyo', 'pygame'] (in that order).
6.0252 	EXP 	Created window1 = Window(allowGUI=False, allowStencil=False, autoLog=True, backendConf=UNKNOWN, bitsMode=UNKNOWN, blendMode='avg', bpc=(8, 8, 8), color=array([0, 0, 0]), colorSpace='rgb', depthBits=8, fullscr=<method-wrapper '__getattribute__' of attributeSetter object at 0x0000016775205AF0>, gamma=None, gammaErrorPolicy='raise', lms=UNKNOWN, monitor=<psychopy.monitors.calibTools.Monitor object at 0x0000016775EB10D0>, multiSample=False, name='window1', numSamples=2, pos=(0, 0), screen=0, size=array([1920, 1080]), stencilBits=0, stereo=False, units='norm', useFBO=True, useRetina=False, viewOri=0.0, viewPos=None, viewScale=None, waitBlanking=True, winType='pyglet')
6.0255 	EXP 	window1: mouseVisible = True
6.0256 	EXP 	window1: Attempting to measure frame rate of screen (0) ...
6.0256 	EXP 	window1: recordFrameIntervals = False
6.1907 	EXP 	window1: recordFrameIntervals = True
6.3746 	EXP 	Screen (0) actual frame rate measured at 59.98Hz
6.3748 	EXP 	window1: recordFrameIntervals = False
7.5718 	EXP 	Created image = ImageStim(__class__=<class 'psychopy.visual.image.ImageStim'>, anchor=('center', 'center'), autoLog=True, color=array([1., 1., 1.]), colorSpace='rgb', contrast=1.0, depth=0.0, flipHoriz=False, flipVert=False, image='Instructions_image.PNG', interpolate=True, mask=None, maskParams=None, name='image', opacity=1, ori=0.0, pos=array([0., 0.]), size=array([2., 2.]), texRes=128.0, units='norm', win=Window(...))
7.5793 	EXP 	Created target_quest = TextStim(__class__=<class 'psychopy.visual.text.TextStim'>, alignHoriz=method-wrapper(...), alignText='center', alignVert=method-wrapper(...), anchorHoriz='center', anchorVert='center', antialias=True, autoLog=True, bold=False, color=array([-1., -1., -1.]), colorSpace='rgb', contrast=1.0, depth=0.0, flipHoriz=False, flipVert=False, font='Open Sans', fontFiles=[], height=0.15, italic=False, languageStyle='RTL', name='target_quest', opacity=1, ori=0.0, pos=array([0., 0.]), rgb=UNKNOWN, text='', units='norm', win=Window(...), wrapWidth=1)
7.5812 	EXP 	Created polygon = ShapeStim(__class__=<class 'psychopy.visual.shape.ShapeStim'>, anchor=('center', 'center'), autoDraw=False, autoLog=True, closeShape=True, color=method-wrapper(...), colorSpace='rgb', contrast=None, depth=0.0, fillColor=array([-1., -1., -1.]), fillColorSpace='rgb', fillRGB=array([-1., -1., -1.]), interpolate=True, lineColor=array([-1., -1., -1.]), lineColorSpace='rgb', lineRGB=array([-1., -1., -1.]), lineWidth=1.0, name='polygon', opacity=1, ori=0.0, pos=array([0., 0.]), size=array([0.25, 0.25]), units='norm', vertices=ndarray(...), win=Window(...), windingRule=None)
7.5826 	EXP 	Created target_word = TextStim(__class__=<class 'psychopy.visual.text.TextStim'>, alignHoriz=method-wrapper(...), alignText='center', alignVert=method-wrapper(...), anchorHoriz='center', anchorVert='center', antialias=True, autoLog=True, bold=False, color=array([-1., -1., -1.]), colorSpace='rgb', contrast=1.0, depth=0.0, flipHoriz=False, flipVert=False, font='Open Sans', fontFiles=[], height=0.2, italic=False, languageStyle='RTL', name='target_word', opacity=1, ori=0.0, pos=array([0., 0.]), rgb=UNKNOWN, text='', units='norm', win=Window(...), wrapWidth=1)
7.7950 	EXP 	Sound target_sound set volume 1.000
7.8235 	EXP 	Created how_much = TextStim(__class__=<class 'psychopy.visual.text.TextStim'>, alignHoriz=method-wrapper(...), alignText='center', alignVert=method-wrapper(...), anchorHoriz='center', anchorVert='center', antialias=True, autoLog=True, bold=False, color=array([1., 1., 1.]), colorSpace='rgb', contrast=1.0, depth=0.0, flipHoriz=False, flipVert=False, font='Open Sans', fontFiles=[], height=0.05, italic=False, languageStyle='LTR', name='how_much', opacity=1, ori=0.0, pos=array([0., 0.]), rgb=UNKNOWN, text='1/30', units='norm', win=Window(...), wrapWidth=1)
7.9573 	EXP 	image: autoDraw = True
8.4320 	EXP 	Imported questions.xlsx as conditions, 5 conditions, 1 params
8.4324 	EXP 	Created sequence: fullRandom, trialTypes=5, nReps=1, seed=None
8.4325 	EXP 	New trial (rep=0, index=0): {'Question_stim': 'האם יש לך חמישה ילדים?'}
8.4689 	EXP 	image: autoDraw = False
8.4689 	EXP 	target_quest: height = 0.15
8.4689 	EXP 	target_quest: height = 0.15
8.4689 	EXP 	target_quest: text = 'האם יש לך חמישה ילדים?'
8.4689 	EXP 	target_quest: autoDraw = True
9.9461 	EXP 	Imported stim_words.xlsx as conditions, 3 conditions, 4 params
9.9464 	EXP 	Created sequence: fullRandom, trialTypes=3, nReps=2, seed=None
9.9466 	EXP 	New trial (rep=0, index=0): {'stim': 'no', 'word': 'לא', 'color': 'black', 'sound_target': 'NOhebYardenSHORT.wav'}
9.9577 	EXP 	target_quest: autoDraw = False
9.9577 	EXP 	polygon: autoDraw = True
11.9590 	EXP 	polygon: autoDraw = False
11.9590 	EXP 	target_word: height = 0.2
11.9590 	EXP 	target_word: height = 0.2
11.9590 	EXP 	target_word: text = 'לא'
11.9590 	EXP 	target_word: autoDraw = True
12.6437 	EXP 	New trial (rep=0, index=1): {'stim': 'whiteNoise', 'word': 'רעש', 'color': 'grey', 'sound_target': 'PinkNoise.wav'}
12.6594 	EXP 	target_word: autoDraw = False
12.6594 	EXP 	polygon: autoDraw = True
14.6586 	EXP 	polygon: autoDraw = False
14.6586 	EXP 	target_word: height = 0.2
14.6586 	EXP 	target_word: height = 0.2
14.6586 	EXP 	target_word: text = 'רעש'
14.6586 	EXP 	target_word: autoDraw = True
15.3431 	EXP 	New trial (rep=0, index=2): {'stim': 'yes', 'word': 'כן', 'color': 'black', 'sound_target': 'YEShebYardenSHORT.wav'}
15.3609 	EXP 	target_word: autoDraw = False
15.3609 	EXP 	polygon: autoDraw = True
17.3585 	EXP 	polygon: autoDraw = False
17.3585 	EXP 	target_word: height = 0.2
17.3585 	EXP 	target_word: height = 0.2
17.3585 	EXP 	target_word: text = 'כן'
17.3585 	EXP 	target_word: autoDraw = True
18.0423 	EXP 	New trial (rep=1, index=0): {'stim': 'whiteNoise', 'word': 'רעש', 'color': 'grey', 'sound_target': 'PinkNoise.wav'}
18.0582 	EXP 	target_word: autoDraw = False
18.0582 	EXP 	polygon: autoDraw = True
20.0578 	EXP 	polygon: autoDraw = False
20.0578 	EXP 	target_word: height = 0.2
20.0578 	EXP 	target_word: height = 0.2
20.0578 	EXP 	target_word: text = 'רעש'
20.0578 	EXP 	target_word: autoDraw = True
20.7421 	EXP 	New trial (rep=1, index=1): {'stim': 'no', 'word': 'לא', 'color': 'black', 'sound_target': 'NOhebYardenSHORT.wav'}
20.7579 	EXP 	target_word: autoDraw = False
20.7579 	EXP 	polygon: autoDraw = True
22.7580 	EXP 	polygon: autoDraw = False
22.7580 	EXP 	target_word: height = 0.2
22.7580 	EXP 	target_word: height = 0.2
22.7580 	EXP 	target_word: text = 'לא'
22.7580 	EXP 	target_word: autoDraw = True
23.4418 	EXP 	New trial (rep=1, index=2): {'stim': 'yes', 'word': 'כן', 'color': 'black', 'sound_target': 'YEShebYardenSHORT.wav'}
23.4572 	EXP 	target_word: autoDraw = False
23.4572 	EXP 	polygon: autoDraw = True
25.4571 	EXP 	polygon: autoDraw = False
25.4571 	EXP 	target_word: height = 0.2
25.4571 	EXP 	target_word: height = 0.2
25.4571 	EXP 	target_word: text = 'כן'
25.4571 	EXP 	target_word: autoDraw = True
26.1571 	EXP 	target_word: autoDraw = False
26.1571 	EXP 	how_much: autoDraw = True
27.6412 	EXP 	New trial (rep=0, index=1): {'Question_stim': 'האם איתן גר בישראל?'}
27.6569 	EXP 	how_much: autoDraw = False
27.6569 	EXP 	target_quest: height = 0.15
27.6569 	EXP 	target_quest: height = 0.15
27.6569 	EXP 	target_quest: text = 'האם איתן גר בישראל?'
27.6569 	EXP 	target_quest: autoDraw = True
29.1771 	EXP 	window1: mouseVisible = True
