0.9662 	WARNING 	We strongly recommend you activate the PTB sound engine in PsychoPy prefs as the preferred audio engine. Its timing is vastly superior. Your prefs are currently set to use ['sounddevice', 'PTB', 'pyo', 'pygame'] (in that order).
5.6230 	EXP 	Created window1 = Window(allowGUI=False, allowStencil=False, autoLog=True, backendConf=UNKNOWN, bitsMode=UNKNOWN, blendMode='avg', bpc=(8, 8, 8), color=array([0, 0, 0]), colorSpace='rgb', depthBits=8, fullscr=<method-wrapper '__getattribute__' of attributeSetter object at 0x0000025D80177AF0>, gamma=None, gammaErrorPolicy='raise', lms=UNKNOWN, monitor=<psychopy.monitors.calibTools.Monitor object at 0x0000025D803F1130>, multiSample=False, name='window1', numSamples=2, pos=(0, 0), screen=0, size=array([1920, 1080]), stencilBits=0, stereo=False, units='norm', useFBO=True, useRetina=False, viewOri=0.0, viewPos=None, viewScale=None, waitBlanking=True, winType='pyglet')
5.6235 	EXP 	window1: mouseVisible = True
5.6235 	EXP 	window1: Attempting to measure frame rate of screen (0) ...
5.6236 	EXP 	window1: recordFrameIntervals = False
5.7887 	EXP 	window1: recordFrameIntervals = True
5.9724 	EXP 	Screen (0) actual frame rate measured at 60.00Hz
5.9725 	EXP 	window1: recordFrameIntervals = False
7.2195 	EXP 	Created image_2 = ImageStim(__class__=<class 'psychopy.visual.image.ImageStim'>, anchor=('center', 'center'), autoLog=True, color=array([1., 1., 1.]), colorSpace='rgb', contrast=1.0, depth=0.0, flipHoriz=False, flipVert=False, image=str(...), interpolate=True, mask=None, maskParams=None, name='image_2', opacity=1, ori=0.0, pos=array([0., 0.]), size=array([2., 2.]), texRes=128.0, units='norm', win=Window(...))
7.2618 	EXP 	Created text = TextStim(__class__=<class 'psychopy.visual.text.TextStim'>, alignHoriz=method-wrapper(...), alignText='center', alignVert=method-wrapper(...), anchorHoriz='center', anchorVert='center', antialias=True, autoLog=True, bold=False, color=array([1., 1., 1.]), colorSpace='rgb', contrast=1.0, depth=0.0, flipHoriz=False, flipVert=False, font='Open Sans', fontFiles=[], height=0.05, italic=False, languageStyle='LTR', name='text', opacity=1, ori=0.0, pos=array([0., 0.]), rgb=UNKNOWN, text='', units='norm', win=Window(...), wrapWidth=1)
7.2824 	EXP 	Sound sound_1 set volume 1.000
7.3035 	EXP 	Created image = ImageStim(__class__=<class 'psychopy.visual.image.ImageStim'>, anchor=('center', 'center'), autoLog=True, color=array([1., 1., 1.]), colorSpace='rgb', contrast=1.0, depth=0.0, flipHoriz=False, flipVert=False, image='Instructions_image.PNG', interpolate=True, mask=None, maskParams=None, name='image', opacity=1, ori=0.0, pos=array([0., 0.]), size=array([2., 2.]), texRes=128.0, units='norm', win=Window(...))
7.3052 	EXP 	Created target_quest = TextStim(__class__=<class 'psychopy.visual.text.TextStim'>, alignHoriz=method-wrapper(...), alignText='center', alignVert=method-wrapper(...), anchorHoriz='center', anchorVert='center', antialias=True, autoLog=True, bold=False, color=array([-1., -1., -1.]), colorSpace='rgb', contrast=1.0, depth=0.0, flipHoriz=False, flipVert=False, font='Open Sans', fontFiles=[], height=0.15, italic=False, languageStyle='RTL', name='target_quest', opacity=1, ori=0.0, pos=array([0., 0.]), rgb=UNKNOWN, text='', units='norm', win=Window(...), wrapWidth=1)
7.3068 	EXP 	Created polygon = ShapeStim(__class__=<class 'psychopy.visual.shape.ShapeStim'>, anchor=('center', 'center'), autoDraw=False, autoLog=True, closeShape=True, color=method-wrapper(...), colorSpace='rgb', contrast=None, depth=0.0, fillColor=array([-1, -1, -1]), fillColorSpace='rgb', fillRGB=array([-1, -1, -1]), interpolate=True, lineColor=array([-1., -1., -1.]), lineColorSpace='rgb', lineRGB=array([-1, -1, -1]), lineWidth=1.0, name='polygon', opacity=1, ori=0.0, pos=array([0., 0.]), size=array([0.25, 0.25]), units='norm', vertices=ndarray(...), win=Window(...), windingRule=None)
7.3081 	EXP 	Created target_word = TextStim(__class__=<class 'psychopy.visual.text.TextStim'>, alignHoriz=method-wrapper(...), alignText='center', alignVert=method-wrapper(...), anchorHoriz='center', anchorVert='center', antialias=True, autoLog=True, bold=False, color=array([-1., -1., -1.]), colorSpace='rgb', contrast=1.0, depth=0.0, flipHoriz=False, flipVert=False, font='Open Sans', fontFiles=[], height=0.2, italic=False, languageStyle='RTL', name='target_word', opacity=1, ori=0.0, pos=array([0., 0.]), rgb=UNKNOWN, text='', units='norm', win=Window(...), wrapWidth=1)
7.3082 	EXP 	Sound target_sound set volume 1.000
7.3170 	EXP 	Created how_much = TextStim(__class__=<class 'psychopy.visual.text.TextStim'>, alignHoriz=method-wrapper(...), alignText='center', alignVert=method-wrapper(...), anchorHoriz='center', anchorVert='center', antialias=True, autoLog=True, bold=False, color=array([1., 1., 1.]), colorSpace='rgb', contrast=1.0, depth=0.0, flipHoriz=False, flipVert=False, font='Open Sans', fontFiles=[], height=0.15, italic=False, languageStyle='LTR', name='how_much', opacity=1, ori=0.0, pos=array([0., 0.]), rgb=UNKNOWN, text='1/30', units='norm', win=Window(...), wrapWidth=1)
7.3912 	EXP 	image_2: autoDraw = True
11.3575 	EXP 	image_2: autoDraw = False
11.3575 	EXP 	text: autoDraw = True
13.3068 	EXP 	text: autoDraw = False
14.3072 	EXP 	image: autoDraw = True
18.2988 	EXP 	Imported questions.xlsx as conditions, 5 conditions, 1 params
18.2994 	EXP 	Created sequence: fullRandom, trialTypes=5, nReps=1, seed=None
18.2997 	EXP 	New trial (rep=0, index=0): {'Question_stim': 'האם השם שלך הוא חנה?'}
18.3194 	EXP 	image: autoDraw = False
18.3194 	EXP 	image: autoDraw = False
18.3194 	EXP 	target_quest: height = 0.15
18.3194 	EXP 	target_quest: height = 0.15
18.3194 	EXP 	target_quest: text = 'האם השם שלך הוא חנה?'
18.3194 	EXP 	target_quest: autoDraw = True
20.3229 	EXP 	Imported stim_words.xlsx as conditions, 8 conditions, 4 params
20.3236 	EXP 	Created sequence: fullRandom, trialTypes=8, nReps=2, seed=None
20.3239 	EXP 	New trial (rep=0, index=0): {'stim': 'hot', 'word': 'םח', 'color': 'black', 'sound_target': 'C:\\Users\\yarde\\Documents\\GitHub\\BCI4ALS-MI\\HOThebYarden.wav'}
20.3300 	EXP 	target_quest: autoDraw = False
20.3300 	EXP 	polygon: autoDraw = True
21.2289 	EXP 	window1: mouseVisible = True
