0.9498 	WARNING 	We strongly recommend you activate the PTB sound engine in PsychoPy prefs as the preferred audio engine. Its timing is vastly superior. Your prefs are currently set to use ['sounddevice', 'PTB', 'pyo', 'pygame'] (in that order).
5.5047 	EXP 	Created window1 = Window(allowGUI=False, allowStencil=False, autoLog=True, backendConf=UNKNOWN, bitsMode=UNKNOWN, blendMode='avg', bpc=(8, 8, 8), color=array([0, 0, 0]), colorSpace='rgb', depthBits=8, fullscr=<method-wrapper '__getattribute__' of attributeSetter object at 0x0000016F96BA8AF0>, gamma=None, gammaErrorPolicy='raise', lms=UNKNOWN, monitor=<psychopy.monitors.calibTools.Monitor object at 0x0000016F978610A0>, multiSample=False, name='window1', numSamples=2, pos=(0, 0), screen=0, size=array([1920, 1080]), stencilBits=0, stereo=False, units='norm', useFBO=True, useRetina=False, viewOri=0.0, viewPos=None, viewScale=None, waitBlanking=True, winType='pyglet')
5.5051 	EXP 	window1: mouseVisible = True
5.5051 	EXP 	window1: Attempting to measure frame rate of screen (0) ...
5.5052 	EXP 	window1: recordFrameIntervals = False
5.6705 	EXP 	window1: recordFrameIntervals = True
5.8544 	EXP 	Screen (0) actual frame rate measured at 60.07Hz
5.8545 	EXP 	window1: recordFrameIntervals = False
7.1382 	EXP 	Created image_2 = ImageStim(__class__=<class 'psychopy.visual.image.ImageStim'>, anchor=('center', 'center'), autoLog=True, color=array([1., 1., 1.]), colorSpace='rgb', contrast=1.0, depth=0.0, flipHoriz=False, flipVert=False, image=str(...), interpolate=True, mask=None, maskParams=None, name='image_2', opacity=1, ori=0.0, pos=array([0., 0.]), size=array([2., 2.]), texRes=128.0, units='norm', win=Window(...))
7.1868 	EXP 	Created text = TextStim(__class__=<class 'psychopy.visual.text.TextStim'>, alignHoriz=method-wrapper(...), alignText='center', alignVert=method-wrapper(...), anchorHoriz='center', anchorVert='center', antialias=True, autoLog=True, bold=False, color=array([1., 1., 1.]), colorSpace='rgb', contrast=1.0, depth=0.0, flipHoriz=False, flipVert=False, font='Open Sans', fontFiles=[], height=0.05, italic=False, languageStyle='LTR', name='text', opacity=1, ori=0.0, pos=array([0., 0.]), rgb=UNKNOWN, text='', units='norm', win=Window(...), wrapWidth=1)
7.2135 	EXP 	Sound sound_1 set volume 1.000
7.2403 	EXP 	Created image = ImageStim(__class__=<class 'psychopy.visual.image.ImageStim'>, anchor=('center', 'center'), autoLog=True, color=array([1., 1., 1.]), colorSpace='rgb', contrast=1.0, depth=0.0, flipHoriz=False, flipVert=False, image='Instructions_image.PNG', interpolate=True, mask=None, maskParams=None, name='image', opacity=1, ori=0.0, pos=array([0., 0.]), size=array([2., 2.]), texRes=128.0, units='norm', win=Window(...))
7.2416 	EXP 	Created target_quest = TextStim(__class__=<class 'psychopy.visual.text.TextStim'>, alignHoriz=method-wrapper(...), alignText='center', alignVert=method-wrapper(...), anchorHoriz='center', anchorVert='center', antialias=True, autoLog=True, bold=False, color=array([-1., -1., -1.]), colorSpace='rgb', contrast=1.0, depth=0.0, flipHoriz=False, flipVert=False, font='Open Sans', fontFiles=[], height=0.15, italic=False, languageStyle='RTL', name='target_quest', opacity=1, ori=0.0, pos=array([0., 0.]), rgb=UNKNOWN, text='', units='norm', win=Window(...), wrapWidth=1)
7.2433 	EXP 	Created polygon = ShapeStim(__class__=<class 'psychopy.visual.shape.ShapeStim'>, anchor=('center', 'center'), autoDraw=False, autoLog=True, closeShape=True, color=method-wrapper(...), colorSpace='rgb', contrast=None, depth=0.0, fillColor=array([-1, -1, -1]), fillColorSpace='rgb', fillRGB=array([-1, -1, -1]), interpolate=True, lineColor=array([-1., -1., -1.]), lineColorSpace='rgb', lineRGB=array([-1, -1, -1]), lineWidth=1.0, name='polygon', opacity=1, ori=0.0, pos=array([0., 0.]), size=array([0.25, 0.25]), units='norm', vertices=ndarray(...), win=Window(...), windingRule=None)
7.2444 	EXP 	Created target_word = TextStim(__class__=<class 'psychopy.visual.text.TextStim'>, alignHoriz=method-wrapper(...), alignText='center', alignVert=method-wrapper(...), anchorHoriz='center', anchorVert='center', antialias=True, autoLog=True, bold=False, color=array([-1., -1., -1.]), colorSpace='rgb', contrast=1.0, depth=0.0, flipHoriz=False, flipVert=False, font='Open Sans', fontFiles=[], height=0.2, italic=False, languageStyle='RTL', name='target_word', opacity=1, ori=0.0, pos=array([0., 0.]), rgb=UNKNOWN, text='', units='norm', win=Window(...), wrapWidth=1)
7.2446 	EXP 	Sound target_sound set volume 1.000
7.2523 	EXP 	Created how_much = TextStim(__class__=<class 'psychopy.visual.text.TextStim'>, alignHoriz=method-wrapper(...), alignText='center', alignVert=method-wrapper(...), anchorHoriz='center', anchorVert='center', antialias=True, autoLog=True, bold=False, color=array([1., 1., 1.]), colorSpace='rgb', contrast=1.0, depth=0.0, flipHoriz=False, flipVert=False, font='Open Sans', fontFiles=[], height=0.15, italic=False, languageStyle='LTR', name='how_much', opacity=1, ori=0.0, pos=array([0., 0.]), rgb=UNKNOWN, text='1/30', units='norm', win=Window(...), wrapWidth=1)
7.3245 	EXP 	image_2: autoDraw = True
11.2834 	EXP 	image_2: autoDraw = False
11.2834 	EXP 	text: autoDraw = True
13.1219 	EXP 	text: autoDraw = False
14.1389 	EXP 	image: autoDraw = True
24.1316 	EXP 	Imported questions.xlsx as conditions, 5 conditions, 1 params
24.1323 	EXP 	Created sequence: fullRandom, trialTypes=5, nReps=1, seed=None
24.1327 	EXP 	New trial (rep=0, index=0): {'Question_stim': 'האם איתן גר בישראל?'}
24.1584 	EXP 	image: autoDraw = False
24.1584 	EXP 	target_quest: height = 0.15
24.1584 	EXP 	target_quest: height = 0.15
24.1584 	EXP 	target_quest: text = 'האם איתן גר בישראל?'
24.1584 	EXP 	target_quest: autoDraw = True
26.1294 	EXP 	Imported stim_words.xlsx as conditions, 8 conditions, 4 params
26.1297 	EXP 	Created sequence: fullRandom, trialTypes=8, nReps=2, seed=None
26.1299 	EXP 	New trial (rep=0, index=0): {'stim': 'whiteNoise', 'word': 'שער', 'color': 'grey', 'sound_target': 'C:\\Users\\yarde\\Documents\\GitHub\\BCI4ALS-MI\\PinkNoise.wav'}
26.1367 	EXP 	target_quest: autoDraw = False
26.1367 	EXP 	polygon: autoDraw = True
26.8408 	EXP 	polygon: autoDraw = False
26.8408 	EXP 	target_word: height = 0.2
26.8408 	EXP 	target_word: height = 0.2
26.8408 	EXP 	target_word: text = 'שער'
26.8408 	EXP 	target_word: autoDraw = True
27.8217 	EXP 	New trial (rep=0, index=1): {'stim': 'no', 'word': 'אל', 'color': 'black', 'sound_target': 'C:\\Users\\yarde\\Documents\\GitHub\\BCI4ALS-MI\\NOhebYardenSHORT.wav'}
27.8371 	EXP 	target_word: autoDraw = False
27.8371 	EXP 	polygon: autoDraw = True
28.5364 	EXP 	polygon: autoDraw = False
28.5364 	EXP 	target_word: height = 0.2
28.5364 	EXP 	target_word: height = 0.2
28.5364 	EXP 	target_word: text = 'אל'
28.5364 	EXP 	target_word: autoDraw = True
29.5211 	EXP 	New trial (rep=0, index=2): {'stim': 'hot', 'word': 'םח', 'color': 'black', 'sound_target': 'C:\\Users\\yarde\\Documents\\GitHub\\BCI4ALS-MI\\HOThebYarden.wav'}
29.5366 	EXP 	target_word: autoDraw = False
29.5366 	EXP 	polygon: autoDraw = True
30.2366 	EXP 	polygon: autoDraw = False
30.2366 	EXP 	target_word: height = 0.2
30.2366 	EXP 	target_word: height = 0.2
30.2366 	EXP 	target_word: text = 'םח'
30.2366 	EXP 	target_word: autoDraw = True
31.2211 	EXP 	New trial (rep=0, index=3): {'stim': 'minister', 'word': 'רש', 'color': 'black', 'sound_target': 'C:\\Users\\yarde\\Documents\\GitHub\\BCI4ALS-MI\\MINISTERhebYarden.wav'}
31.2361 	EXP 	target_word: autoDraw = False
31.2361 	EXP 	polygon: autoDraw = True
31.6643 	EXP 	window1: mouseVisible = True
