0.9811 	WARNING 	We strongly recommend you activate the PTB sound engine in PsychoPy prefs as the preferred audio engine. Its timing is vastly superior. Your prefs are currently set to use ['sounddevice', 'PTB', 'pyo', 'pygame'] (in that order).
6.6928 	EXP 	Created window1 = Window(allowGUI=False, allowStencil=False, autoLog=True, backendConf=UNKNOWN, bitsMode=UNKNOWN, blendMode='avg', bpc=(8, 8, 8), color=array([0, 0, 0]), colorSpace='rgb', depthBits=8, fullscr=<method-wrapper '__getattribute__' of attributeSetter object at 0x0000021E5C918AF0>, gamma=None, gammaErrorPolicy='raise', lms=UNKNOWN, monitor=<psychopy.monitors.calibTools.Monitor object at 0x0000021E5E5A1100>, multiSample=False, name='window1', numSamples=2, pos=(0, 0), screen=0, size=array([1920, 1080]), stencilBits=0, stereo=False, units='norm', useFBO=True, useRetina=False, viewOri=0.0, viewPos=None, viewScale=None, waitBlanking=True, winType='pyglet')
6.6932 	EXP 	window1: mouseVisible = True
6.6933 	EXP 	window1: Attempting to measure frame rate of screen (0) ...
6.6933 	EXP 	window1: recordFrameIntervals = False
6.8585 	EXP 	window1: recordFrameIntervals = True
7.0419 	EXP 	Screen (0) actual frame rate measured at 60.08Hz
7.0419 	EXP 	window1: recordFrameIntervals = False
8.3050 	EXP 	Created image_2 = ImageStim(__class__=<class 'psychopy.visual.image.ImageStim'>, anchor=('center', 'center'), autoLog=True, color=array([1., 1., 1.]), colorSpace='rgb', contrast=1.0, depth=0.0, flipHoriz=False, flipVert=False, image=str(...), interpolate=True, mask=None, maskParams=None, name='image_2', opacity=1, ori=0.0, pos=array([0., 0.]), size=array([2., 2.]), texRes=128.0, units='norm', win=Window(...))
8.3520 	EXP 	Created text = TextStim(__class__=<class 'psychopy.visual.text.TextStim'>, alignHoriz=method-wrapper(...), alignText='center', alignVert=method-wrapper(...), anchorHoriz='center', anchorVert='center', antialias=True, autoLog=True, bold=False, color=array([1., 1., 1.]), colorSpace='rgb', contrast=1.0, depth=0.0, flipHoriz=False, flipVert=False, font='Open Sans', fontFiles=[], height=0.05, italic=False, languageStyle='LTR', name='text', opacity=1, ori=0.0, pos=array([0., 0.]), rgb=UNKNOWN, text='', units='norm', win=Window(...), wrapWidth=1)
8.5828 	EXP 	Sound sound_1 set volume 1.000
8.6165 	EXP 	Created image = ImageStim(__class__=<class 'psychopy.visual.image.ImageStim'>, anchor=('center', 'center'), autoLog=True, color=array([1., 1., 1.]), colorSpace='rgb', contrast=1.0, depth=0.0, flipHoriz=False, flipVert=False, image='Instructions_image.PNG', interpolate=True, mask=None, maskParams=None, name='image', opacity=1, ori=0.0, pos=array([0., 0.]), size=array([2., 2.]), texRes=128.0, units='norm', win=Window(...))
8.6179 	EXP 	Created target_quest = TextStim(__class__=<class 'psychopy.visual.text.TextStim'>, alignHoriz=method-wrapper(...), alignText='center', alignVert=method-wrapper(...), anchorHoriz='center', anchorVert='center', antialias=True, autoLog=True, bold=False, color=array([-1., -1., -1.]), colorSpace='rgb', contrast=1.0, depth=0.0, flipHoriz=False, flipVert=False, font='Open Sans', fontFiles=[], height=0.15, italic=False, languageStyle='RTL', name='target_quest', opacity=1, ori=0.0, pos=array([0., 0.]), rgb=UNKNOWN, text='', units='norm', win=Window(...), wrapWidth=1)
8.6197 	EXP 	Created polygon = ShapeStim(__class__=<class 'psychopy.visual.shape.ShapeStim'>, anchor=('center', 'center'), autoDraw=False, autoLog=True, closeShape=True, color=method-wrapper(...), colorSpace='rgb', contrast=None, depth=0.0, fillColor=array([-1, -1, -1]), fillColorSpace='rgb', fillRGB=array([-1, -1, -1]), interpolate=True, lineColor=array([-1., -1., -1.]), lineColorSpace='rgb', lineRGB=array([-1, -1, -1]), lineWidth=1.0, name='polygon', opacity=1, ori=0.0, pos=array([0., 0.]), size=array([0.25, 0.25]), units='norm', vertices=ndarray(...), win=Window(...), windingRule=None)
8.6207 	EXP 	Created target_word = TextStim(__class__=<class 'psychopy.visual.text.TextStim'>, alignHoriz=method-wrapper(...), alignText='center', alignVert=method-wrapper(...), anchorHoriz='center', anchorVert='center', antialias=True, autoLog=True, bold=False, color=array([-1., -1., -1.]), colorSpace='rgb', contrast=1.0, depth=0.0, flipHoriz=False, flipVert=False, font='Open Sans', fontFiles=[], height=0.2, italic=False, languageStyle='RTL', name='target_word', opacity=1, ori=0.0, pos=array([0., 0.]), rgb=UNKNOWN, text='', units='norm', win=Window(...), wrapWidth=1)
8.6208 	EXP 	Sound target_sound set volume 1.000
8.6289 	EXP 	Created how_much = TextStim(__class__=<class 'psychopy.visual.text.TextStim'>, alignHoriz=method-wrapper(...), alignText='center', alignVert=method-wrapper(...), anchorHoriz='center', anchorVert='center', antialias=True, autoLog=True, bold=False, color=array([1., 1., 1.]), colorSpace='rgb', contrast=1.0, depth=0.0, flipHoriz=False, flipVert=False, font='Open Sans', fontFiles=[], height=0.15, italic=False, languageStyle='LTR', name='how_much', opacity=1, ori=0.0, pos=array([0., 0.]), rgb=UNKNOWN, text='1/30', units='norm', win=Window(...), wrapWidth=1)
8.7131 	EXP 	image_2: autoDraw = True
12.7268 	EXP 	image_2: autoDraw = False
18.4501 	EXP 	image_2: autoDraw = False
18.4501 	EXP 	text: autoDraw = True
23.8247 	EXP 	text: autoDraw = False
24.8250 	EXP 	image: autoDraw = True
34.8237 	EXP 	image: autoDraw = False
42.8380 	EXP 	Imported questions.xlsx as conditions, 5 conditions, 1 params
42.8405 	EXP 	Created sequence: fullRandom, trialTypes=5, nReps=1, seed=None
42.8407 	EXP 	New trial (rep=0, index=0): {'Question_stim': 'האם איתן גר בישראל?'}
42.8713 	EXP 	image: autoDraw = False
42.8713 	EXP 	target_quest: height = 0.15
42.8713 	EXP 	target_quest: height = 0.15
42.8713 	EXP 	target_quest: text = 'האם איתן גר בישראל?'
42.8713 	EXP 	target_quest: autoDraw = True
44.8550 	EXP 	Imported stim_words.xlsx as conditions, 8 conditions, 4 params
44.8553 	EXP 	Created sequence: sequential, trialTypes=8, nReps=1, seed=None
44.8554 	EXP 	New trial (rep=0, index=0): {'stim': 'yes', 'word': 'ןכ', 'color': 'black', 'sound_target': 'C:\\Users\\yarde\\Documents\\GitHub\\BCI4ALS-MI\\YEShebYardenSHORT.wav'}
44.8609 	EXP 	target_quest: autoDraw = False
44.8609 	EXP 	polygon: autoDraw = True
45.5591 	EXP 	polygon: autoDraw = False
45.5591 	EXP 	target_word: height = 0.2
45.5591 	EXP 	target_word: height = 0.2
45.5591 	EXP 	target_word: text = 'ןכ'
45.5591 	EXP 	target_word: autoDraw = True
46.5235 	EXP 	New trial (rep=0, index=1): {'stim': 'no', 'word': 'אל', 'color': 'black', 'sound_target': 'C:\\Users\\yarde\\Documents\\GitHub\\BCI4ALS-MI\\NOhebYardenSHORT.wav'}
46.5394 	EXP 	target_word: autoDraw = False
46.5394 	EXP 	polygon: autoDraw = True
47.2497 	EXP 	polygon: autoDraw = False
47.2497 	EXP 	target_word: height = 0.2
47.2497 	EXP 	target_word: height = 0.2
47.2497 	EXP 	target_word: text = 'אל'
47.2497 	EXP 	target_word: autoDraw = True
48.2232 	EXP 	New trial (rep=0, index=2): {'stim': 'whiteNoise', 'word': 'שער', 'color': 'grey', 'sound_target': 'C:\\Users\\yarde\\Documents\\GitHub\\BCI4ALS-MI\\PinkNoise.wav'}
48.2390 	EXP 	target_word: autoDraw = False
48.2390 	EXP 	polygon: autoDraw = True
48.9533 	EXP 	polygon: autoDraw = False
48.9533 	EXP 	target_word: height = 0.2
48.9533 	EXP 	target_word: height = 0.2
48.9533 	EXP 	target_word: text = 'שער'
48.9533 	EXP 	target_word: autoDraw = True
49.9234 	EXP 	New trial (rep=0, index=3): {'stim': 'came', 'word': 'אב', 'color': 'black', 'sound_target': 'C:\\Users\\yarde\\Documents\\GitHub\\BCI4ALS-MI\\CAMEhebYarden.wav'}
49.9388 	EXP 	target_word: autoDraw = False
49.9388 	EXP 	polygon: autoDraw = True
50.6451 	EXP 	polygon: autoDraw = False
50.6451 	EXP 	target_word: height = 0.2
50.6451 	EXP 	target_word: height = 0.2
50.6451 	EXP 	target_word: text = 'אב'
50.6451 	EXP 	target_word: autoDraw = True
51.6219 	EXP 	New trial (rep=0, index=4): {'stim': 'hot', 'word': 'םח', 'color': 'black', 'sound_target': 'C:\\Users\\yarde\\Documents\\GitHub\\BCI4ALS-MI\\HOThebYarden.wav'}
51.6386 	EXP 	target_word: autoDraw = False
51.6386 	EXP 	polygon: autoDraw = True
52.3526 	EXP 	polygon: autoDraw = False
52.3526 	EXP 	target_word: height = 0.2
52.3526 	EXP 	target_word: height = 0.2
52.3526 	EXP 	target_word: text = 'םח'
52.3526 	EXP 	target_word: autoDraw = True
53.3224 	EXP 	New trial (rep=0, index=5): {'stim': 'indicator', 'word': 'דמ', 'color': 'black', 'sound_target': 'C:\\Users\\yarde\\Documents\\GitHub\\BCI4ALS-MI\\INDICATORhebYarden.wav'}
53.3387 	EXP 	target_word: autoDraw = False
53.3387 	EXP 	polygon: autoDraw = True
54.0385 	EXP 	polygon: autoDraw = False
54.0385 	EXP 	target_word: height = 0.2
54.0385 	EXP 	target_word: height = 0.2
54.0385 	EXP 	target_word: text = 'דמ'
54.0385 	EXP 	target_word: autoDraw = True
55.0221 	EXP 	New trial (rep=0, index=6): {'stim': 'candle', 'word': 'רנ', 'color': 'black', 'sound_target': 'C:\\Users\\yarde\\Documents\\GitHub\\BCI4ALS-MI\\CANDLEhebYarden.wav'}
55.0381 	EXP 	target_word: autoDraw = False
55.0381 	EXP 	polygon: autoDraw = True
55.7375 	EXP 	polygon: autoDraw = False
55.7375 	EXP 	target_word: height = 0.2
55.7375 	EXP 	target_word: height = 0.2
55.7375 	EXP 	target_word: text = 'רנ'
55.7375 	EXP 	target_word: autoDraw = True
56.7221 	EXP 	New trial (rep=0, index=7): {'stim': 'minister', 'word': 'רש', 'color': 'black', 'sound_target': 'C:\\Users\\yarde\\Documents\\GitHub\\BCI4ALS-MI\\MINISTERhebYarden.wav'}
56.7377 	EXP 	target_word: autoDraw = False
56.7377 	EXP 	polygon: autoDraw = True
57.4433 	EXP 	polygon: autoDraw = False
57.4433 	EXP 	target_word: height = 0.2
57.4433 	EXP 	target_word: height = 0.2
57.4433 	EXP 	target_word: text = 'רש'
57.4433 	EXP 	target_word: autoDraw = True
58.4375 	EXP 	target_word: autoDraw = False
58.4375 	EXP 	how_much: autoDraw = True
59.9215 	EXP 	New trial (rep=0, index=1): {'Question_stim': 'האם לאריאל יש שני בנים?'}
59.9363 	EXP 	how_much: autoDraw = False
59.9363 	EXP 	target_quest: height = 0.15
59.9363 	EXP 	target_quest: height = 0.15
59.9363 	EXP 	target_quest: text = 'האם לאריאל יש שני בנים?'
59.9363 	EXP 	target_quest: autoDraw = True
61.8634 	EXP 	window1: mouseVisible = True
