1.0228 	WARNING 	We strongly recommend you activate the PTB sound engine in PsychoPy prefs as the preferred audio engine. Its timing is vastly superior. Your prefs are currently set to use ['sounddevice', 'PTB', 'pyo', 'pygame'] (in that order).
7.3768 	EXP 	Created window1 = Window(allowGUI=False, allowStencil=False, autoLog=True, backendConf=UNKNOWN, bitsMode=UNKNOWN, blendMode='avg', bpc=(8, 8, 8), color=array([0, 0, 0]), colorSpace='rgb', depthBits=8, fullscr=<method-wrapper '__getattribute__' of attributeSetter object at 0x000002036E2D5AF0>, gamma=None, gammaErrorPolicy='raise', lms=UNKNOWN, monitor=<psychopy.monitors.calibTools.Monitor object at 0x000002036FF61070>, multiSample=False, name='window1', numSamples=2, pos=(0, 0), screen=0, size=array([1920, 1080]), stencilBits=0, stereo=False, units='norm', useFBO=True, useRetina=False, viewOri=0.0, viewPos=None, viewScale=None, waitBlanking=True, winType='pyglet')
7.3772 	EXP 	window1: mouseVisible = True
7.3772 	EXP 	window1: Attempting to measure frame rate of screen (0) ...
7.3772 	EXP 	window1: recordFrameIntervals = False
7.5424 	EXP 	window1: recordFrameIntervals = True
7.7263 	EXP 	Screen (0) actual frame rate measured at 59.99Hz
7.7264 	EXP 	window1: recordFrameIntervals = False
9.3903 	EXP 	Created image = ImageStim(__class__=<class 'psychopy.visual.image.ImageStim'>, anchor=('center', 'center'), autoLog=True, color=array([1., 1., 1.]), colorSpace='rgb', contrast=1.0, depth=0.0, flipHoriz=False, flipVert=False, image='Instructions_image.PNG', interpolate=True, mask=None, maskParams=None, name='image', opacity=1, ori=0.0, pos=array([0., 0.]), size=array([2., 2.]), texRes=128.0, units='norm', win=Window(...))
9.4191 	EXP 	Created target_quest = TextStim(__class__=<class 'psychopy.visual.text.TextStim'>, alignHoriz=method-wrapper(...), alignText='center', alignVert=method-wrapper(...), anchorHoriz='center', anchorVert='center', antialias=True, autoLog=True, bold=False, color=array([-1., -1., -1.]), colorSpace='rgb', contrast=1.0, depth=0.0, flipHoriz=False, flipVert=False, font='Open Sans', fontFiles=[], height=0.05, italic=False, languageStyle='RTL', name='target_quest', opacity=1, ori=0.0, pos=array([0., 0.]), rgb=UNKNOWN, text='', units='norm', win=Window(...), wrapWidth=1)
9.4260 	EXP 	Created polygon = ShapeStim(__class__=<class 'psychopy.visual.shape.ShapeStim'>, anchor=('center', 'center'), autoDraw=False, autoLog=True, closeShape=True, color=method-wrapper(...), colorSpace='rgb', contrast=None, depth=0.0, fillColor=array([-1., -1., -1.]), fillColorSpace='rgb', fillRGB=array([-1., -1., -1.]), interpolate=True, lineColor=array([-1., -1., -1.]), lineColorSpace='rgb', lineRGB=array([-1., -1., -1.]), lineWidth=1.0, name='polygon', opacity=1, ori=0.0, pos=array([0., 0.]), size=array([0.25, 0.25]), units='norm', vertices=ndarray(...), win=Window(...), windingRule=None)
9.4278 	EXP 	Created target_word = TextStim(__class__=<class 'psychopy.visual.text.TextStim'>, alignHoriz=method-wrapper(...), alignText='center', alignVert=method-wrapper(...), anchorHoriz='center', anchorVert='center', antialias=True, autoLog=True, bold=False, color=array([-1., -1., -1.]), colorSpace='rgb', contrast=1.0, depth=0.0, flipHoriz=False, flipVert=False, font='Open Sans', fontFiles=[], height=0.2, italic=False, languageStyle='RTL', name='target_word', opacity=1, ori=0.0, pos=array([0., 0.]), rgb=UNKNOWN, text='', units='norm', win=Window(...), wrapWidth=1)
9.6538 	EXP 	Sound target_sound set volume 1.000
9.7933 	EXP 	image: autoDraw = True
18.6450 	EXP 	Imported questions.xlsx as conditions, 5 conditions, 1 params
18.6588 	EXP 	Created sequence: fullRandom, trialTypes=5, nReps=1, seed=None
18.6590 	EXP 	New trial (rep=0, index=0): {'Question_stim': 'האם לאריאל יש שני בנים?'}
18.7659 	EXP 	image: autoDraw = False
18.7659 	EXP 	target_quest: height = 0.05
18.7659 	EXP 	target_quest: height = 0.05
18.7659 	EXP 	target_quest: text = 'האם לאריאל יש שני בנים?'
18.7659 	EXP 	target_quest: autoDraw = True
20.1556 	EXP 	Imported stim_words.xlsx as conditions, 3 conditions, 4 params
20.1559 	EXP 	Created sequence: fullRandom, trialTypes=3, nReps=2, seed=None
20.1561 	EXP 	New trial (rep=0, index=0): {'stim': 'yes', 'word': 'כן', 'color': 'black', 'sound_target': 'YEShebYardenSHORT.wav'}
20.1725 	EXP 	target_quest: autoDraw = False
20.1725 	EXP 	polygon: autoDraw = True
22.1602 	EXP 	polygon: autoDraw = False
22.1602 	EXP 	target_word: height = 0.2
22.1602 	EXP 	target_word: height = 0.2
22.1602 	EXP 	target_word: text = 'כן'
22.1602 	EXP 	target_word: autoDraw = True
22.8437 	EXP 	New trial (rep=0, index=1): {'stim': 'whiteNoise', 'word': 'רעש', 'color': 'grey', 'sound_target': 'PinkNoise.wav'}
22.8600 	EXP 	target_word: autoDraw = False
22.8600 	EXP 	polygon: autoDraw = True
24.8596 	EXP 	polygon: autoDraw = False
24.8596 	EXP 	target_word: height = 0.2
24.8596 	EXP 	target_word: height = 0.2
24.8596 	EXP 	target_word: text = 'רעש'
24.8596 	EXP 	target_word: autoDraw = True
25.5434 	EXP 	New trial (rep=0, index=2): {'stim': 'no', 'word': 'לא', 'color': 'black', 'sound_target': 'NOhebYardenSHORT.wav'}
25.5597 	EXP 	target_word: autoDraw = False
25.5597 	EXP 	polygon: autoDraw = True
27.5594 	EXP 	polygon: autoDraw = False
27.5594 	EXP 	target_word: height = 0.2
27.5594 	EXP 	target_word: height = 0.2
27.5594 	EXP 	target_word: text = 'לא'
27.5594 	EXP 	target_word: autoDraw = True
28.2429 	EXP 	New trial (rep=1, index=0): {'stim': 'yes', 'word': 'כן', 'color': 'black', 'sound_target': 'YEShebYardenSHORT.wav'}
28.2595 	EXP 	target_word: autoDraw = False
28.2595 	EXP 	polygon: autoDraw = True
30.2591 	EXP 	polygon: autoDraw = False
30.2591 	EXP 	target_word: height = 0.2
30.2591 	EXP 	target_word: height = 0.2
30.2591 	EXP 	target_word: text = 'כן'
30.2591 	EXP 	target_word: autoDraw = True
30.9428 	EXP 	New trial (rep=1, index=1): {'stim': 'no', 'word': 'לא', 'color': 'black', 'sound_target': 'NOhebYardenSHORT.wav'}
30.9590 	EXP 	target_word: autoDraw = False
30.9590 	EXP 	polygon: autoDraw = True
32.9588 	EXP 	polygon: autoDraw = False
32.9588 	EXP 	target_word: height = 0.2
32.9588 	EXP 	target_word: height = 0.2
32.9588 	EXP 	target_word: text = 'לא'
32.9588 	EXP 	target_word: autoDraw = True
33.6422 	EXP 	New trial (rep=1, index=2): {'stim': 'whiteNoise', 'word': 'רעש', 'color': 'grey', 'sound_target': 'PinkNoise.wav'}
33.6590 	EXP 	target_word: autoDraw = False
33.6590 	EXP 	polygon: autoDraw = True
35.6581 	EXP 	polygon: autoDraw = False
35.6581 	EXP 	target_word: height = 0.2
35.6581 	EXP 	target_word: height = 0.2
35.6581 	EXP 	target_word: text = 'רעש'
35.6581 	EXP 	target_word: autoDraw = True
36.3422 	EXP 	New trial (rep=0, index=1): {'Question_stim': 'האם את גרה באשדוד?'}
36.3584 	EXP 	target_word: autoDraw = False
36.3584 	EXP 	target_quest: height = 0.05
36.3584 	EXP 	target_quest: height = 0.05
36.3584 	EXP 	target_quest: text = 'האם את גרה באשדוד?'
36.3584 	EXP 	target_quest: autoDraw = True
37.8463 	EXP 	Imported stim_words.xlsx as conditions, 3 conditions, 4 params
37.8469 	EXP 	Created sequence: fullRandom, trialTypes=3, nReps=2, seed=None
37.8471 	EXP 	New trial (rep=0, index=0): {'stim': 'no', 'word': 'לא', 'color': 'black', 'sound_target': 'NOhebYardenSHORT.wav'}
37.8584 	EXP 	target_quest: autoDraw = False
37.8584 	EXP 	polygon: autoDraw = True
39.8582 	EXP 	polygon: autoDraw = False
39.8582 	EXP 	target_word: height = 0.2
39.8582 	EXP 	target_word: height = 0.2
39.8582 	EXP 	target_word: text = 'לא'
39.8582 	EXP 	target_word: autoDraw = True
40.4727 	EXP 	window1: mouseVisible = True
