1.0649 	WARNING 	We strongly recommend you activate the PTB sound engine in PsychoPy prefs as the preferred audio engine. Its timing is vastly superior. Your prefs are currently set to use ['sounddevice', 'PTB', 'pyo', 'pygame'] (in that order).
6.8237 	EXP 	Created window1 = Window(allowGUI=False, allowStencil=False, autoLog=True, backendConf=UNKNOWN, bitsMode=UNKNOWN, blendMode='avg', bpc=(8, 8, 8), color=array([0, 0, 0]), colorSpace='rgb', depthBits=8, fullscr=<method-wrapper '__getattribute__' of attributeSetter object at 0x0000022144515AF0>, gamma=None, gammaErrorPolicy='raise', lms=UNKNOWN, monitor=<psychopy.monitors.calibTools.Monitor object at 0x00000221451D1070>, multiSample=False, name='window1', numSamples=2, pos=(0, 0), screen=0, size=array([1920, 1080]), stencilBits=0, stereo=False, units='norm', useFBO=True, useRetina=False, viewOri=0.0, viewPos=None, viewScale=None, waitBlanking=True, winType='pyglet')
6.8241 	EXP 	window1: mouseVisible = True
6.8242 	EXP 	window1: Attempting to measure frame rate of screen (0) ...
6.8242 	EXP 	window1: recordFrameIntervals = False
6.9895 	EXP 	window1: recordFrameIntervals = True
7.1733 	EXP 	Screen (0) actual frame rate measured at 59.90Hz
7.1734 	EXP 	window1: recordFrameIntervals = False
8.4702 	EXP 	Created image = ImageStim(__class__=<class 'psychopy.visual.image.ImageStim'>, anchor=('center', 'center'), autoLog=True, color=array([1., 1., 1.]), colorSpace='rgb', contrast=1.0, depth=0.0, flipHoriz=False, flipVert=False, image='Instructions_image.PNG', interpolate=True, mask=None, maskParams=None, name='image', opacity=1, ori=0.0, pos=array([0., 0.]), size=array([2., 2.]), texRes=128.0, units='norm', win=Window(...))
8.4780 	EXP 	Created target_quest = TextStim(__class__=<class 'psychopy.visual.text.TextStim'>, alignHoriz=method-wrapper(...), alignText='center', alignVert=method-wrapper(...), anchorHoriz='center', anchorVert='center', antialias=True, autoLog=True, bold=False, color=array([-1., -1., -1.]), colorSpace='rgb', contrast=1.0, depth=0.0, flipHoriz=False, flipVert=False, font='Open Sans', fontFiles=[], height=0.15, italic=False, languageStyle='RTL', name='target_quest', opacity=1, ori=0.0, pos=array([0., 0.]), rgb=UNKNOWN, text='', units='norm', win=Window(...), wrapWidth=1)
8.4799 	EXP 	Created polygon = ShapeStim(__class__=<class 'psychopy.visual.shape.ShapeStim'>, anchor=('center', 'center'), autoDraw=False, autoLog=True, closeShape=True, color=method-wrapper(...), colorSpace='rgb', contrast=None, depth=0.0, fillColor=array([-1., -1., -1.]), fillColorSpace='rgb', fillRGB=array([-1., -1., -1.]), interpolate=True, lineColor=array([-1., -1., -1.]), lineColorSpace='rgb', lineRGB=array([-1., -1., -1.]), lineWidth=1.0, name='polygon', opacity=1, ori=0.0, pos=array([0., 0.]), size=array([0.25, 0.25]), units='norm', vertices=ndarray(...), win=Window(...), windingRule=None)
8.4811 	EXP 	Created target_word = TextStim(__class__=<class 'psychopy.visual.text.TextStim'>, alignHoriz=method-wrapper(...), alignText='center', alignVert=method-wrapper(...), anchorHoriz='center', anchorVert='center', antialias=True, autoLog=True, bold=False, color=array([-1., -1., -1.]), colorSpace='rgb', contrast=1.0, depth=0.0, flipHoriz=False, flipVert=False, font='Open Sans', fontFiles=[], height=0.2, italic=False, languageStyle='RTL', name='target_word', opacity=1, ori=0.0, pos=array([0., 0.]), rgb=UNKNOWN, text='', units='norm', win=Window(...), wrapWidth=1)
8.4928 	EXP 	Sound target_sound set volume 1.000
8.5159 	EXP 	Created how_much = TextStim(__class__=<class 'psychopy.visual.text.TextStim'>, alignHoriz=method-wrapper(...), alignText='center', alignVert=method-wrapper(...), anchorHoriz='center', anchorVert='center', antialias=True, autoLog=True, bold=False, color=array([1., 1., 1.]), colorSpace='rgb', contrast=1.0, depth=0.0, flipHoriz=False, flipVert=False, font='Open Sans', fontFiles=[], height=0.15, italic=False, languageStyle='LTR', name='how_much', opacity=1, ori=0.0, pos=array([0., 0.]), rgb=UNKNOWN, text='1/30', units='norm', win=Window(...), wrapWidth=1)
8.5887 	EXP 	image: autoDraw = True
9.3680 	EXP 	Imported questions.xlsx as conditions, 5 conditions, 1 params
9.3687 	EXP 	Created sequence: fullRandom, trialTypes=5, nReps=1, seed=None
9.3693 	EXP 	New trial (rep=0, index=0): {'Question_stim': 'האם לאריאל יש שני בנים?'}
9.4033 	EXP 	image: autoDraw = False
9.4033 	EXP 	target_quest: height = 0.15
9.4033 	EXP 	target_quest: height = 0.15
9.4033 	EXP 	target_quest: text = 'האם לאריאל יש שני בנים?'
9.4033 	EXP 	target_quest: autoDraw = True
10.8804 	EXP 	Imported stim_words.xlsx as conditions, 3 conditions, 4 params
10.8807 	EXP 	Created sequence: fullRandom, trialTypes=3, nReps=2, seed=None
10.8808 	EXP 	New trial (rep=0, index=0): {'stim': 'no', 'word': 'לא', 'color': 'black', 'sound_target': 'NOhebYardenSHORT.wav'}
10.8916 	EXP 	target_quest: autoDraw = False
10.8916 	EXP 	polygon: autoDraw = True
11.3911 	EXP 	polygon: autoDraw = False
11.3911 	EXP 	target_word: height = 0.2
11.3911 	EXP 	target_word: height = 0.2
11.3911 	EXP 	target_word: text = 'לא'
11.3911 	EXP 	target_word: autoDraw = True
12.0765 	EXP 	New trial (rep=0, index=1): {'stim': 'yes', 'word': 'כן', 'color': 'black', 'sound_target': 'YEShebYardenSHORT.wav'}
12.0913 	EXP 	target_word: autoDraw = False
12.0913 	EXP 	polygon: autoDraw = True
12.5910 	EXP 	polygon: autoDraw = False
12.5910 	EXP 	target_word: height = 0.2
12.5910 	EXP 	target_word: height = 0.2
12.5910 	EXP 	target_word: text = 'כן'
12.5910 	EXP 	target_word: autoDraw = True
13.2756 	EXP 	New trial (rep=0, index=2): {'stim': 'no', 'word': 'לא', 'color': 'black', 'sound_target': 'NOhebYardenSHORT.wav'}
13.2911 	EXP 	target_word: autoDraw = False
13.2911 	EXP 	polygon: autoDraw = True
13.7909 	EXP 	polygon: autoDraw = False
13.7909 	EXP 	target_word: height = 0.2
13.7909 	EXP 	target_word: height = 0.2
13.7909 	EXP 	target_word: text = 'לא'
13.7909 	EXP 	target_word: autoDraw = True
14.4753 	EXP 	New trial (rep=1, index=0): {'stim': 'whiteNoise', 'word': 'רעש', 'color': 'grey', 'sound_target': 'PinkNoise.wav'}
14.4914 	EXP 	target_word: autoDraw = False
14.4914 	EXP 	polygon: autoDraw = True
14.9907 	EXP 	polygon: autoDraw = False
14.9907 	EXP 	target_word: height = 0.2
14.9907 	EXP 	target_word: height = 0.2
14.9907 	EXP 	target_word: text = 'רעש'
14.9907 	EXP 	target_word: autoDraw = True
15.6746 	EXP 	New trial (rep=1, index=1): {'stim': 'yes', 'word': 'כן', 'color': 'black', 'sound_target': 'YEShebYardenSHORT.wav'}
15.6910 	EXP 	target_word: autoDraw = False
15.6910 	EXP 	polygon: autoDraw = True
16.1911 	EXP 	polygon: autoDraw = False
16.1911 	EXP 	target_word: height = 0.2
16.1911 	EXP 	target_word: height = 0.2
16.1911 	EXP 	target_word: text = 'כן'
16.1911 	EXP 	target_word: autoDraw = True
16.8746 	EXP 	New trial (rep=1, index=2): {'stim': 'whiteNoise', 'word': 'רעש', 'color': 'grey', 'sound_target': 'PinkNoise.wav'}
16.8906 	EXP 	target_word: autoDraw = False
16.8906 	EXP 	polygon: autoDraw = True
17.5173 	EXP 	window1: mouseVisible = True
