1.0318 	WARNING 	We strongly recommend you activate the PTB sound engine in PsychoPy prefs as the preferred audio engine. Its timing is vastly superior. Your prefs are currently set to use ['sounddevice', 'PTB', 'pyo', 'pygame'] (in that order).
6.2943 	EXP 	Created window1 = Window(allowGUI=False, allowStencil=False, autoLog=True, backendConf=UNKNOWN, bitsMode=UNKNOWN, blendMode='avg', bpc=(8, 8, 8), color=array([0, 0, 0]), colorSpace='rgb', depthBits=8, fullscr=<method-wrapper '__getattribute__' of attributeSetter object at 0x0000023DD71D5AF0>, gamma=None, gammaErrorPolicy='raise', lms=UNKNOWN, monitor=<psychopy.monitors.calibTools.Monitor object at 0x0000023DD8E610A0>, multiSample=False, name='window1', numSamples=2, pos=(0, 0), screen=0, size=array([1920, 1080]), stencilBits=0, stereo=False, units='norm', useFBO=True, useRetina=False, viewOri=0.0, viewPos=None, viewScale=None, waitBlanking=True, winType='pyglet')
6.2947 	EXP 	window1: mouseVisible = True
6.2947 	EXP 	window1: Attempting to measure frame rate of screen (0) ...
6.2948 	EXP 	window1: recordFrameIntervals = False
6.4600 	EXP 	window1: recordFrameIntervals = True
6.6436 	EXP 	Screen (0) actual frame rate measured at 60.05Hz
6.6437 	EXP 	window1: recordFrameIntervals = False
7.8369 	EXP 	Created image = ImageStim(__class__=<class 'psychopy.visual.image.ImageStim'>, anchor=('center', 'center'), autoLog=True, color=array([1., 1., 1.]), colorSpace='rgb', contrast=1.0, depth=0.0, flipHoriz=False, flipVert=False, image='Instructions_image.PNG', interpolate=True, mask=None, maskParams=None, name='image', opacity=1, ori=0.0, pos=array([0., 0.]), size=array([2., 2.]), texRes=128.0, units='norm', win=Window(...))
7.8444 	EXP 	Created target_quest = TextStim(__class__=<class 'psychopy.visual.text.TextStim'>, alignHoriz=method-wrapper(...), alignText='center', alignVert=method-wrapper(...), anchorHoriz='center', anchorVert='center', antialias=True, autoLog=True, bold=False, color=array([-1., -1., -1.]), colorSpace='rgb', contrast=1.0, depth=0.0, flipHoriz=False, flipVert=False, font='Open Sans', fontFiles=[], height=0.15, italic=False, languageStyle='RTL', name='target_quest', opacity=1, ori=0.0, pos=array([0., 0.]), rgb=UNKNOWN, text='', units='norm', win=Window(...), wrapWidth=1)
7.8463 	EXP 	Created polygon = ShapeStim(__class__=<class 'psychopy.visual.shape.ShapeStim'>, anchor=('center', 'center'), autoDraw=False, autoLog=True, closeShape=True, color=method-wrapper(...), colorSpace='rgb', contrast=None, depth=0.0, fillColor=array([-1., -1., -1.]), fillColorSpace='rgb', fillRGB=array([-1., -1., -1.]), interpolate=True, lineColor=array([-1., -1., -1.]), lineColorSpace='rgb', lineRGB=array([-1., -1., -1.]), lineWidth=1.0, name='polygon', opacity=1, ori=0.0, pos=array([0., 0.]), size=array([0.25, 0.25]), units='norm', vertices=ndarray(...), win=Window(...), windingRule=None)
7.8478 	EXP 	Created target_word = TextStim(__class__=<class 'psychopy.visual.text.TextStim'>, alignHoriz=method-wrapper(...), alignText='center', alignVert=method-wrapper(...), anchorHoriz='center', anchorVert='center', antialias=True, autoLog=True, bold=False, color=array([-1., -1., -1.]), colorSpace='rgb', contrast=1.0, depth=0.0, flipHoriz=False, flipVert=False, font='Open Sans', fontFiles=[], height=0.2, italic=False, languageStyle='RTL', name='target_word', opacity=1, ori=0.0, pos=array([0., 0.]), rgb=UNKNOWN, text='', units='norm', win=Window(...), wrapWidth=1)
8.0887 	EXP 	Sound target_sound set volume 1.000
8.1650 	EXP 	Created how_much = TextStim(__class__=<class 'psychopy.visual.text.TextStim'>, alignHoriz=method-wrapper(...), alignText='center', alignVert=method-wrapper(...), anchorHoriz='center', anchorVert='center', antialias=True, autoLog=True, bold=False, color=array([1., 1., 1.]), colorSpace='rgb', contrast=1.0, depth=0.0, flipHoriz=False, flipVert=False, font='Open Sans', fontFiles=[], height=0.05, italic=False, languageStyle='LTR', name='how_much', opacity=1, ori=0.0, pos=array([0., 0.]), rgb=UNKNOWN, text='כל הכבוד\nהשלמת 1/10 שאלות', units='norm', win=Window(...), wrapWidth=1)
8.2438 	EXP 	image: autoDraw = True
9.3334 	EXP 	Imported questions.xlsx as conditions, 5 conditions, 1 params
9.3338 	EXP 	Created sequence: fullRandom, trialTypes=5, nReps=1, seed=None
9.3342 	EXP 	New trial (rep=0, index=0): {'Question_stim': 'האם איתן גר בישראל?'}
9.3612 	EXP 	image: autoDraw = False
9.3612 	EXP 	target_quest: height = 0.15
9.3612 	EXP 	target_quest: height = 0.15
9.3612 	EXP 	target_quest: text = 'האם איתן גר בישראל?'
9.3612 	EXP 	target_quest: autoDraw = True
10.8526 	EXP 	Imported stim_words.xlsx as conditions, 3 conditions, 4 params
10.8530 	EXP 	Created sequence: fullRandom, trialTypes=3, nReps=2, seed=None
10.8533 	EXP 	New trial (rep=0, index=0): {'stim': 'yes', 'word': 'כן', 'color': 'black', 'sound_target': 'YEShebYardenSHORT.wav'}
10.8617 	EXP 	target_quest: autoDraw = False
10.8617 	EXP 	polygon: autoDraw = True
12.8612 	EXP 	polygon: autoDraw = False
12.8612 	EXP 	target_word: height = 0.2
12.8612 	EXP 	target_word: height = 0.2
12.8612 	EXP 	target_word: text = 'כן'
12.8612 	EXP 	target_word: autoDraw = True
13.5461 	EXP 	New trial (rep=0, index=1): {'stim': 'no', 'word': 'לא', 'color': 'black', 'sound_target': 'NOhebYardenSHORT.wav'}
13.5612 	EXP 	target_word: autoDraw = False
13.5612 	EXP 	polygon: autoDraw = True
15.5616 	EXP 	polygon: autoDraw = False
15.5616 	EXP 	target_word: height = 0.2
15.5616 	EXP 	target_word: height = 0.2
15.5616 	EXP 	target_word: text = 'לא'
15.5616 	EXP 	target_word: autoDraw = True
16.2450 	EXP 	New trial (rep=0, index=2): {'stim': 'yes', 'word': 'כן', 'color': 'black', 'sound_target': 'YEShebYardenSHORT.wav'}
16.2607 	EXP 	target_word: autoDraw = False
16.2607 	EXP 	polygon: autoDraw = True
18.2619 	EXP 	polygon: autoDraw = False
18.2619 	EXP 	target_word: height = 0.2
18.2619 	EXP 	target_word: height = 0.2
18.2619 	EXP 	target_word: text = 'כן'
18.2619 	EXP 	target_word: autoDraw = True
18.9451 	EXP 	New trial (rep=1, index=0): {'stim': 'no', 'word': 'לא', 'color': 'black', 'sound_target': 'NOhebYardenSHORT.wav'}
18.9604 	EXP 	target_word: autoDraw = False
18.9604 	EXP 	polygon: autoDraw = True
20.9602 	EXP 	polygon: autoDraw = False
20.9602 	EXP 	target_word: height = 0.2
20.9602 	EXP 	target_word: height = 0.2
20.9602 	EXP 	target_word: text = 'לא'
20.9602 	EXP 	target_word: autoDraw = True
21.6449 	EXP 	New trial (rep=1, index=1): {'stim': 'whiteNoise', 'word': 'רעש', 'color': 'grey', 'sound_target': 'PinkNoise.wav'}
21.6599 	EXP 	target_word: autoDraw = False
21.6599 	EXP 	polygon: autoDraw = True
23.6599 	EXP 	polygon: autoDraw = False
23.6599 	EXP 	target_word: height = 0.2
23.6599 	EXP 	target_word: height = 0.2
23.6599 	EXP 	target_word: text = 'רעש'
23.6599 	EXP 	target_word: autoDraw = True
24.3443 	EXP 	New trial (rep=1, index=2): {'stim': 'whiteNoise', 'word': 'רעש', 'color': 'grey', 'sound_target': 'PinkNoise.wav'}
24.3597 	EXP 	target_word: autoDraw = False
24.3597 	EXP 	polygon: autoDraw = True
26.3593 	EXP 	polygon: autoDraw = False
26.3593 	EXP 	target_word: height = 0.2
26.3593 	EXP 	target_word: height = 0.2
26.3593 	EXP 	target_word: text = 'רעש'
26.3593 	EXP 	target_word: autoDraw = True
27.0597 	EXP 	target_word: autoDraw = False
27.0597 	EXP 	how_much: autoDraw = True
28.5436 	EXP 	New trial (rep=0, index=1): {'Question_stim': 'האם לאריאל יש שני בנים?'}
28.5592 	EXP 	how_much: autoDraw = False
28.5592 	EXP 	target_quest: height = 0.15
28.5592 	EXP 	target_quest: height = 0.15
28.5592 	EXP 	target_quest: text = 'האם לאריאל יש שני בנים?'
28.5592 	EXP 	target_quest: autoDraw = True
29.4158 	EXP 	window1: mouseVisible = True
