0.9993 	WARNING 	We strongly recommend you activate the PTB sound engine in PsychoPy prefs as the preferred audio engine. Its timing is vastly superior. Your prefs are currently set to use ['sounddevice', 'PTB', 'pyo', 'pygame'] (in that order).
6.1142 	EXP 	Created window1 = Window(allowGUI=False, allowStencil=False, autoLog=True, backendConf=UNKNOWN, bitsMode=UNKNOWN, blendMode='avg', bpc=(8, 8, 8), color=array([0, 0, 0]), colorSpace='rgb', depthBits=8, fullscr=<method-wrapper '__getattribute__' of attributeSetter object at 0x0000022924D78AF0>, gamma=None, gammaErrorPolicy='raise', lms=UNKNOWN, monitor=<psychopy.monitors.calibTools.Monitor object at 0x0000022925A31130>, multiSample=False, name='window1', numSamples=2, pos=(0, 0), screen=0, size=array([1920, 1080]), stencilBits=0, stereo=False, units='norm', useFBO=True, useRetina=False, viewOri=0.0, viewPos=None, viewScale=None, waitBlanking=True, winType='pyglet')
6.1147 	EXP 	window1: mouseVisible = True
6.1147 	EXP 	window1: Attempting to measure frame rate of screen (0) ...
6.1148 	EXP 	window1: recordFrameIntervals = False
6.2811 	EXP 	window1: recordFrameIntervals = True
6.4640 	EXP 	Screen (0) actual frame rate measured at 59.63Hz
6.4640 	EXP 	window1: recordFrameIntervals = False
7.5931 	EXP 	Created image_2 = ImageStim(__class__=<class 'psychopy.visual.image.ImageStim'>, anchor=('center', 'center'), autoLog=True, color=array([1., 1., 1.]), colorSpace='rgb', contrast=1.0, depth=0.0, flipHoriz=False, flipVert=False, image=str(...), interpolate=True, mask=None, maskParams=None, name='image_2', opacity=1, ori=0.0, pos=array([0., 0.]), size=array([2., 2.]), texRes=128.0, units='norm', win=Window(...))
7.6131 	EXP 	Created text = TextStim(__class__=<class 'psychopy.visual.text.TextStim'>, alignHoriz=method-wrapper(...), alignText='center', alignVert=method-wrapper(...), anchorHoriz='center', anchorVert='center', antialias=True, autoLog=True, bold=False, color=array([1., 1., 1.]), colorSpace='rgb', contrast=1.0, depth=0.0, flipHoriz=False, flipVert=False, font='Open Sans', fontFiles=[], height=0.05, italic=False, languageStyle='LTR', name='text', opacity=1, ori=0.0, pos=array([0., 0.]), rgb=UNKNOWN, text='', units='norm', win=Window(...), wrapWidth=1)
7.8158 	EXP 	Sound sound_1 set volume 1.000
7.8345 	EXP 	Created image = ImageStim(__class__=<class 'psychopy.visual.image.ImageStim'>, anchor=('center', 'center'), autoLog=True, color=array([1., 1., 1.]), colorSpace='rgb', contrast=1.0, depth=0.0, flipHoriz=False, flipVert=False, image='Instructions_image.PNG', interpolate=True, mask=None, maskParams=None, name='image', opacity=1, ori=0.0, pos=array([0., 0.]), size=array([2., 2.]), texRes=128.0, units='norm', win=Window(...))
7.8359 	EXP 	Created target_quest = TextStim(__class__=<class 'psychopy.visual.text.TextStim'>, alignHoriz=method-wrapper(...), alignText='center', alignVert=method-wrapper(...), anchorHoriz='center', anchorVert='center', antialias=True, autoLog=True, bold=False, color=array([-1., -1., -1.]), colorSpace='rgb', contrast=1.0, depth=0.0, flipHoriz=False, flipVert=False, font='Open Sans', fontFiles=[], height=0.15, italic=False, languageStyle='RTL', name='target_quest', opacity=1, ori=0.0, pos=array([0., 0.]), rgb=UNKNOWN, text='', units='norm', win=Window(...), wrapWidth=1)
7.8375 	EXP 	Created polygon = ShapeStim(__class__=<class 'psychopy.visual.shape.ShapeStim'>, anchor=('center', 'center'), autoDraw=False, autoLog=True, closeShape=True, color=method-wrapper(...), colorSpace='rgb', contrast=None, depth=0.0, fillColor=array([-1, -1, -1]), fillColorSpace='rgb', fillRGB=array([-1, -1, -1]), interpolate=True, lineColor=array([-1., -1., -1.]), lineColorSpace='rgb', lineRGB=array([-1, -1, -1]), lineWidth=1.0, name='polygon', opacity=1, ori=0.0, pos=array([0., 0.]), size=array([0.25, 0.25]), units='norm', vertices=ndarray(...), win=Window(...), windingRule=None)
7.8388 	EXP 	Created target_word = TextStim(__class__=<class 'psychopy.visual.text.TextStim'>, alignHoriz=method-wrapper(...), alignText='center', alignVert=method-wrapper(...), anchorHoriz='center', anchorVert='center', antialias=True, autoLog=True, bold=False, color=array([-1., -1., -1.]), colorSpace='rgb', contrast=1.0, depth=0.0, flipHoriz=False, flipVert=False, font='Open Sans', fontFiles=[], height=0.2, italic=False, languageStyle='RTL', name='target_word', opacity=1, ori=0.0, pos=array([0., 0.]), rgb=UNKNOWN, text='', units='norm', win=Window(...), wrapWidth=1)
7.8389 	EXP 	Sound target_sound set volume 1.000
7.8479 	EXP 	Created how_much = TextStim(__class__=<class 'psychopy.visual.text.TextStim'>, alignHoriz=method-wrapper(...), alignText='center', alignVert=method-wrapper(...), anchorHoriz='center', anchorVert='center', antialias=True, autoLog=True, bold=False, color=array([1., 1., 1.]), colorSpace='rgb', contrast=1.0, depth=0.0, flipHoriz=False, flipVert=False, font='Open Sans', fontFiles=[], height=0.15, italic=False, languageStyle='LTR', name='how_much', opacity=1, ori=0.0, pos=array([0., 0.]), rgb=UNKNOWN, text='1/30', units='norm', win=Window(...), wrapWidth=1)
7.8888 	EXP 	image_2: autoDraw = True
11.8962 	EXP 	image_2: autoDraw = False
14.5007 	EXP 	image_2: autoDraw = False
14.5007 	EXP 	text: autoDraw = True
16.5287 	EXP 	text: autoDraw = False
17.5284 	EXP 	image: autoDraw = True
18.3337 	EXP 	Imported questions.xlsx as conditions, 5 conditions, 1 params
18.3340 	EXP 	Created sequence: fullRandom, trialTypes=5, nReps=1, seed=None
18.3342 	EXP 	New trial (rep=0, index=0): {'Question_stim': 'האם יש לך חמישה ילדים?'}
18.3576 	EXP 	image: autoDraw = False
18.3576 	EXP 	target_quest: height = 0.15
18.3576 	EXP 	target_quest: height = 0.15
18.3576 	EXP 	target_quest: text = 'האם יש לך חמישה ילדים?'
18.3576 	EXP 	target_quest: autoDraw = True
19.0951 	EXP 	window1: mouseVisible = True
