0.9742 	WARNING 	We strongly recommend you activate the PTB sound engine in PsychoPy prefs as the preferred audio engine. Its timing is vastly superior. Your prefs are currently set to use ['sounddevice', 'PTB', 'pyo', 'pygame'] (in that order).
5.6605 	EXP 	Created window1 = Window(allowGUI=False, allowStencil=False, autoLog=True, backendConf=UNKNOWN, bitsMode=UNKNOWN, blendMode='avg', bpc=(8, 8, 8), color=array([0, 0, 0]), colorSpace='rgb', depthBits=8, fullscr=<method-wrapper '__getattribute__' of attributeSetter object at 0x000001EC499C5AF0>, gamma=None, gammaErrorPolicy='raise', lms=UNKNOWN, monitor=<psychopy.monitors.calibTools.Monitor object at 0x000001EC4A682040>, multiSample=False, name='window1', numSamples=2, pos=(0, 0), screen=0, size=array([1920, 1080]), stencilBits=0, stereo=False, units='norm', useFBO=True, useRetina=False, viewOri=0.0, viewPos=None, viewScale=None, waitBlanking=True, winType='pyglet')
5.6608 	EXP 	window1: mouseVisible = True
5.6609 	EXP 	window1: Attempting to measure frame rate of screen (0) ...
5.6609 	EXP 	window1: recordFrameIntervals = False
5.8263 	EXP 	window1: recordFrameIntervals = True
6.0096 	EXP 	Screen (0) actual frame rate measured at 60.08Hz
6.0097 	EXP 	window1: recordFrameIntervals = False
7.0246 	EXP 	Created image = ImageStim(__class__=<class 'psychopy.visual.image.ImageStim'>, anchor=('center', 'center'), autoLog=True, color=array([1., 1., 1.]), colorSpace='rgb', contrast=1.0, depth=0.0, flipHoriz=False, flipVert=False, image='C:/Users/yarde/Desktop/instructions/Slide1.JPG', interpolate=True, mask=None, maskParams=None, name='image', opacity=1, ori=0.0, pos=array([0., 0.]), size=array([2., 2.]), texRes=128.0, units='norm', win=Window(...))
7.0333 	EXP 	Created target_quest = TextStim(__class__=<class 'psychopy.visual.text.TextStim'>, alignHoriz=method-wrapper(...), alignText='center', alignVert=method-wrapper(...), anchorHoriz='center', anchorVert='center', antialias=True, autoLog=True, bold=False, color=array([-1., -1., -1.]), colorSpace='rgb', contrast=1.0, depth=0.0, flipHoriz=False, flipVert=False, font='Open Sans', fontFiles=[], height=0.05, italic=False, languageStyle='LTR', name='target_quest', opacity=1, ori=0.0, pos=array([0., 0.]), rgb=UNKNOWN, text='', units='norm', win=Window(...), wrapWidth=1)
7.0352 	EXP 	Created polygon = ShapeStim(__class__=<class 'psychopy.visual.shape.ShapeStim'>, anchor=('center', 'center'), autoDraw=False, autoLog=True, closeShape=True, color=method-wrapper(...), colorSpace='rgb', contrast=None, depth=0.0, fillColor=array([-1., -1., -1.]), fillColorSpace='rgb', fillRGB=array([-1., -1., -1.]), interpolate=True, lineColor=array([-1., -1., -1.]), lineColorSpace='rgb', lineRGB=array([-1., -1., -1.]), lineWidth=1.0, name='polygon', opacity=1, ori=0.0, pos=array([0., 0.]), size=array([0.25, 0.25]), units='norm', vertices=ndarray(...), win=Window(...), windingRule=None)
7.0366 	EXP 	Created target_word = TextStim(__class__=<class 'psychopy.visual.text.TextStim'>, alignHoriz=method-wrapper(...), alignText='center', alignVert=method-wrapper(...), anchorHoriz='center', anchorVert='center', antialias=True, autoLog=True, bold=False, color=array([-1., -1., -1.]), colorSpace='rgb', contrast=1.0, depth=0.0, flipHoriz=False, flipVert=False, font='Open Sans', fontFiles=[], height=0.2, italic=False, languageStyle='LTR', name='target_word', opacity=1, ori=0.0, pos=array([0., 0.]), rgb=UNKNOWN, text='', units='norm', win=Window(...), wrapWidth=1)
7.2666 	EXP 	Sound target_sound set volume 1.000
7.3355 	EXP 	image: autoDraw = True
7.6825 	EXP 	Imported C:/Users/yarde/Documents/GitHub/BCI4ALS-MI/questions.xlsx as conditions, 5 conditions, 1 params
7.6829 	EXP 	Created sequence: fullRandom, trialTypes=5, nReps=1, seed=None
7.6830 	EXP 	New trial (rep=0, index=0): {'Question_stim': 'האם איתן גר בישראל?'}
7.7132 	EXP 	image: autoDraw = False
7.7132 	EXP 	target_quest: height = 0.05
7.7132 	EXP 	target_quest: height = 0.05
7.7132 	EXP 	target_quest: text = 'האם איתן גר בישראל?'
7.7132 	EXP 	target_quest: autoDraw = True
9.2010 	EXP 	Imported C:/Users/yarde/Documents/GitHub/BCI4ALS-MI/stim_words.xlsx as conditions, 3 conditions, 4 params
9.2013 	EXP 	Created sequence: fullRandom, trialTypes=3, nReps=2, seed=None
9.2015 	EXP 	New trial (rep=0, index=0): {'stim': 'no', 'word': 'אל', 'color': 'black', 'sound_target': 'C:\\Users\\yarde\\Documents\\GitHub\\BCI4ALS-MI\\NOhebYardenSHORT.wav'}
9.2108 	EXP 	target_quest: autoDraw = False
9.2108 	EXP 	polygon: autoDraw = True
11.2106 	EXP 	polygon: autoDraw = False
11.2106 	EXP 	target_word: height = 0.2
11.2106 	EXP 	target_word: height = 0.2
11.2106 	EXP 	target_word: text = 'אל'
11.2106 	EXP 	target_word: autoDraw = True
11.8950 	EXP 	New trial (rep=0, index=1): {'stim': 'whiteNoise', 'word': 'שער', 'color': 'grey', 'sound_target': 'C:\\Users\\yarde\\Documents\\GitHub\\BCI4ALS-MI\\PinkNoise.wav'}
11.9109 	EXP 	target_word: autoDraw = False
11.9109 	EXP 	polygon: autoDraw = True
13.9103 	EXP 	polygon: autoDraw = False
13.9103 	EXP 	target_word: height = 0.2
13.9103 	EXP 	target_word: height = 0.2
13.9103 	EXP 	target_word: text = 'שער'
13.9103 	EXP 	target_word: autoDraw = True
14.5949 	EXP 	New trial (rep=0, index=2): {'stim': 'yes', 'word': 'ןכ', 'color': 'black', 'sound_target': 'C:\\Users\\yarde\\Documents\\GitHub\\BCI4ALS-MI\\YEShebYardenSHORT.wav'}
14.6109 	EXP 	target_word: autoDraw = False
14.6109 	EXP 	polygon: autoDraw = True
16.6103 	EXP 	polygon: autoDraw = False
16.6103 	EXP 	target_word: height = 0.2
16.6103 	EXP 	target_word: height = 0.2
16.6103 	EXP 	target_word: text = 'ןכ'
16.6103 	EXP 	target_word: autoDraw = True
17.2946 	EXP 	New trial (rep=1, index=0): {'stim': 'yes', 'word': 'ןכ', 'color': 'black', 'sound_target': 'C:\\Users\\yarde\\Documents\\GitHub\\BCI4ALS-MI\\YEShebYardenSHORT.wav'}
17.3099 	EXP 	target_word: autoDraw = False
17.3099 	EXP 	polygon: autoDraw = True
19.3104 	EXP 	polygon: autoDraw = False
19.3104 	EXP 	target_word: text = 'ןכ'
19.3104 	EXP 	target_word: autoDraw = True
19.9947 	EXP 	New trial (rep=1, index=1): {'stim': 'whiteNoise', 'word': 'שער', 'color': 'grey', 'sound_target': 'C:\\Users\\yarde\\Documents\\GitHub\\BCI4ALS-MI\\PinkNoise.wav'}
20.0101 	EXP 	target_word: autoDraw = False
20.0101 	EXP 	polygon: autoDraw = True
22.0098 	EXP 	polygon: autoDraw = False
22.0098 	EXP 	target_word: height = 0.2
22.0098 	EXP 	target_word: height = 0.2
22.0098 	EXP 	target_word: text = 'שער'
22.0098 	EXP 	target_word: autoDraw = True
22.6941 	EXP 	New trial (rep=1, index=2): {'stim': 'no', 'word': 'אל', 'color': 'black', 'sound_target': 'C:\\Users\\yarde\\Documents\\GitHub\\BCI4ALS-MI\\NOhebYardenSHORT.wav'}
22.7097 	EXP 	target_word: autoDraw = False
22.7097 	EXP 	polygon: autoDraw = True
24.7091 	EXP 	polygon: autoDraw = False
24.7091 	EXP 	target_word: height = 0.2
24.7091 	EXP 	target_word: height = 0.2
24.7091 	EXP 	target_word: text = 'אל'
24.7091 	EXP 	target_word: autoDraw = True
25.3938 	EXP 	New trial (rep=0, index=1): {'Question_stim': 'האם יש לך חמישה ילדים?'}
25.4089 	EXP 	target_word: autoDraw = False
25.4089 	EXP 	target_quest: height = 0.05
25.4089 	EXP 	target_quest: height = 0.05
25.4089 	EXP 	target_quest: text = 'האם יש לך חמישה ילדים?'
25.4089 	EXP 	target_quest: autoDraw = True
26.8992 	EXP 	Imported C:/Users/yarde/Documents/GitHub/BCI4ALS-MI/stim_words.xlsx as conditions, 3 conditions, 4 params
26.8995 	EXP 	Created sequence: fullRandom, trialTypes=3, nReps=2, seed=None
26.8997 	EXP 	New trial (rep=0, index=0): {'stim': 'yes', 'word': 'ןכ', 'color': 'black', 'sound_target': 'C:\\Users\\yarde\\Documents\\GitHub\\BCI4ALS-MI\\YEShebYardenSHORT.wav'}
26.9094 	EXP 	target_quest: autoDraw = False
26.9094 	EXP 	polygon: autoDraw = True
28.9087 	EXP 	polygon: autoDraw = False
28.9087 	EXP 	target_word: height = 0.2
28.9087 	EXP 	target_word: height = 0.2
28.9087 	EXP 	target_word: text = 'ןכ'
28.9087 	EXP 	target_word: autoDraw = True
29.5930 	EXP 	New trial (rep=0, index=1): {'stim': 'no', 'word': 'אל', 'color': 'black', 'sound_target': 'C:\\Users\\yarde\\Documents\\GitHub\\BCI4ALS-MI\\NOhebYardenSHORT.wav'}
29.6093 	EXP 	target_word: autoDraw = False
29.6093 	EXP 	polygon: autoDraw = True
31.6084 	EXP 	polygon: autoDraw = False
31.6084 	EXP 	target_word: height = 0.2
31.6084 	EXP 	target_word: height = 0.2
31.6084 	EXP 	target_word: text = 'אל'
31.6084 	EXP 	target_word: autoDraw = True
32.2921 	EXP 	New trial (rep=0, index=2): {'stim': 'no', 'word': 'אל', 'color': 'black', 'sound_target': 'C:\\Users\\yarde\\Documents\\GitHub\\BCI4ALS-MI\\NOhebYardenSHORT.wav'}
32.3083 	EXP 	target_word: autoDraw = False
32.3083 	EXP 	polygon: autoDraw = True
34.3083 	EXP 	polygon: autoDraw = False
34.3083 	EXP 	target_word: text = 'אל'
34.3083 	EXP 	target_word: autoDraw = True
34.9919 	EXP 	New trial (rep=1, index=0): {'stim': 'whiteNoise', 'word': 'שער', 'color': 'grey', 'sound_target': 'C:\\Users\\yarde\\Documents\\GitHub\\BCI4ALS-MI\\PinkNoise.wav'}
35.0083 	EXP 	target_word: autoDraw = False
35.0083 	EXP 	polygon: autoDraw = True
37.0077 	EXP 	polygon: autoDraw = False
37.0077 	EXP 	target_word: height = 0.2
37.0077 	EXP 	target_word: height = 0.2
37.0077 	EXP 	target_word: text = 'שער'
37.0077 	EXP 	target_word: autoDraw = True
37.6922 	EXP 	New trial (rep=1, index=1): {'stim': 'whiteNoise', 'word': 'שער', 'color': 'grey', 'sound_target': 'C:\\Users\\yarde\\Documents\\GitHub\\BCI4ALS-MI\\PinkNoise.wav'}
37.7080 	EXP 	target_word: autoDraw = False
37.7080 	EXP 	polygon: autoDraw = True
39.7081 	EXP 	polygon: autoDraw = False
39.7081 	EXP 	target_word: text = 'שער'
39.7081 	EXP 	target_word: autoDraw = True
40.3914 	EXP 	New trial (rep=1, index=2): {'stim': 'yes', 'word': 'ןכ', 'color': 'black', 'sound_target': 'C:\\Users\\yarde\\Documents\\GitHub\\BCI4ALS-MI\\YEShebYardenSHORT.wav'}
40.4077 	EXP 	target_word: autoDraw = False
40.4077 	EXP 	polygon: autoDraw = True
42.4071 	EXP 	polygon: autoDraw = False
42.4071 	EXP 	target_word: height = 0.2
42.4071 	EXP 	target_word: height = 0.2
42.4071 	EXP 	target_word: text = 'ןכ'
42.4071 	EXP 	target_word: autoDraw = True
43.0914 	EXP 	New trial (rep=0, index=2): {'Question_stim': 'האם לאריאל יש שני בנים?'}
43.1069 	EXP 	target_word: autoDraw = False
43.1069 	EXP 	target_quest: height = 0.05
43.1069 	EXP 	target_quest: height = 0.05
43.1069 	EXP 	target_quest: text = 'האם לאריאל יש שני בנים?'
43.1069 	EXP 	target_quest: autoDraw = True
44.5980 	EXP 	Imported C:/Users/yarde/Documents/GitHub/BCI4ALS-MI/stim_words.xlsx as conditions, 3 conditions, 4 params
44.5983 	EXP 	Created sequence: fullRandom, trialTypes=3, nReps=2, seed=None
44.5985 	EXP 	New trial (rep=0, index=0): {'stim': 'whiteNoise', 'word': 'שער', 'color': 'grey', 'sound_target': 'C:\\Users\\yarde\\Documents\\GitHub\\BCI4ALS-MI\\PinkNoise.wav'}
44.6065 	EXP 	target_quest: autoDraw = False
44.6065 	EXP 	polygon: autoDraw = True
46.6065 	EXP 	polygon: autoDraw = False
46.6065 	EXP 	target_word: height = 0.2
46.6065 	EXP 	target_word: height = 0.2
46.6065 	EXP 	target_word: text = 'שער'
46.6065 	EXP 	target_word: autoDraw = True
47.2907 	EXP 	New trial (rep=0, index=1): {'stim': 'yes', 'word': 'ןכ', 'color': 'black', 'sound_target': 'C:\\Users\\yarde\\Documents\\GitHub\\BCI4ALS-MI\\YEShebYardenSHORT.wav'}
47.3066 	EXP 	target_word: autoDraw = False
47.3066 	EXP 	polygon: autoDraw = True
49.3059 	EXP 	polygon: autoDraw = False
49.3059 	EXP 	target_word: height = 0.2
49.3059 	EXP 	target_word: height = 0.2
49.3059 	EXP 	target_word: text = 'ןכ'
49.3059 	EXP 	target_word: autoDraw = True
49.9902 	EXP 	New trial (rep=0, index=2): {'stim': 'no', 'word': 'אל', 'color': 'black', 'sound_target': 'C:\\Users\\yarde\\Documents\\GitHub\\BCI4ALS-MI\\NOhebYardenSHORT.wav'}
50.0061 	EXP 	target_word: autoDraw = False
50.0061 	EXP 	polygon: autoDraw = True
52.0056 	EXP 	polygon: autoDraw = False
52.0056 	EXP 	target_word: height = 0.2
52.0056 	EXP 	target_word: height = 0.2
52.0056 	EXP 	target_word: text = 'אל'
52.0056 	EXP 	target_word: autoDraw = True
52.5545 	EXP 	window1: mouseVisible = True
