1.0583 	WARNING 	We strongly recommend you activate the PTB sound engine in PsychoPy prefs as the preferred audio engine. Its timing is vastly superior. Your prefs are currently set to use ['sounddevice', 'PTB', 'pyo', 'pygame'] (in that order).
6.2835 	EXP 	Created window1 = Window(allowGUI=False, allowStencil=False, autoLog=True, backendConf=UNKNOWN, bitsMode=UNKNOWN, blendMode='avg', bpc=(8, 8, 8), color=array([0, 0, 0]), colorSpace='rgb', depthBits=8, fullscr=<method-wrapper '__getattribute__' of attributeSetter object at 0x0000017E84374AF0>, gamma=None, gammaErrorPolicy='raise', lms=UNKNOWN, monitor=<psychopy.monitors.calibTools.Monitor object at 0x0000017E860010A0>, multiSample=False, name='window1', numSamples=2, pos=(0, 0), screen=0, size=array([1920, 1080]), stencilBits=0, stereo=False, units='norm', useFBO=True, useRetina=False, viewOri=0.0, viewPos=None, viewScale=None, waitBlanking=True, winType='pyglet')
6.2837 	EXP 	window1: mouseVisible = True
6.2838 	EXP 	window1: Attempting to measure frame rate of screen (0) ...
6.2838 	EXP 	window1: recordFrameIntervals = False
6.4498 	EXP 	window1: recordFrameIntervals = True
6.6333 	EXP 	Screen (0) actual frame rate measured at 60.00Hz
6.6333 	EXP 	window1: recordFrameIntervals = False
7.6458 	EXP 	Created image = ImageStim(__class__=<class 'psychopy.visual.image.ImageStim'>, anchor=('center', 'center'), autoLog=True, color=array([1., 1., 1.]), colorSpace='rgb', contrast=1.0, depth=0.0, flipHoriz=False, flipVert=False, image='C:/Users/yarde/Desktop/instructions/Slide1.JPG', interpolate=True, mask=None, maskParams=None, name='image', opacity=1, ori=0.0, pos=array([0., 0.]), size=array([2., 2.]), texRes=128.0, units='norm', win=Window(...))
7.6560 	EXP 	Created target_quest = TextStim(__class__=<class 'psychopy.visual.text.TextStim'>, alignHoriz=method-wrapper(...), alignText='center', alignVert=method-wrapper(...), anchorHoriz='center', anchorVert='center', antialias=True, autoLog=True, bold=False, color=array([-1., -1., -1.]), colorSpace='rgb', contrast=1.0, depth=0.0, flipHoriz=False, flipVert=False, font='Open Sans', fontFiles=[], height=0.05, italic=False, languageStyle='LTR', name='target_quest', opacity=1, ori=0.0, pos=array([0., 0.]), rgb=UNKNOWN, text='', units='norm', win=Window(...), wrapWidth=1)
7.6579 	EXP 	Created polygon = ShapeStim(__class__=<class 'psychopy.visual.shape.ShapeStim'>, anchor=('center', 'center'), autoDraw=False, autoLog=True, closeShape=True, color=method-wrapper(...), colorSpace='rgb', contrast=None, depth=0.0, fillColor=array([-1., -1., -1.]), fillColorSpace='rgb', fillRGB=array([-1., -1., -1.]), interpolate=True, lineColor=array([-1., -1., -1.]), lineColorSpace='rgb', lineRGB=array([-1., -1., -1.]), lineWidth=1.0, name='polygon', opacity=1, ori=0.0, pos=array([0., 0.]), size=array([0.25, 0.25]), units='norm', vertices=ndarray(...), win=Window(...), windingRule=None)
7.6593 	EXP 	Created target_word = TextStim(__class__=<class 'psychopy.visual.text.TextStim'>, alignHoriz=method-wrapper(...), alignText='center', alignVert=method-wrapper(...), anchorHoriz='center', anchorVert='center', antialias=True, autoLog=True, bold=False, color=array([-1., -1., -1.]), colorSpace='rgb', contrast=1.0, depth=0.0, flipHoriz=False, flipVert=False, font='Open Sans', fontFiles=[], height=0.2, italic=False, languageStyle='LTR', name='target_word', opacity=1, ori=0.0, pos=array([0., 0.]), rgb=UNKNOWN, text='', units='norm', win=Window(...), wrapWidth=1)
7.9116 	EXP 	Sound target_sound set volume 1.000
7.9996 	EXP 	image: autoDraw = True
8.6072 	EXP 	Imported C:/Users/yarde/Documents/GitHub/BCI4ALS-MI/questions.xlsx as conditions, 5 conditions, 1 params
8.6076 	EXP 	Created sequence: fullRandom, trialTypes=5, nReps=5, seed=None
8.6078 	EXP 	New trial (rep=0, index=0): {'Question_stim': 'האם יש לך חמישה ילדים?'}
8.6448 	EXP 	image: autoDraw = False
8.6448 	EXP 	target_quest: height = 0.05
8.6448 	EXP 	target_quest: height = 0.05
8.6448 	EXP 	target_quest: text = 'האם יש לך חמישה ילדים?'
8.6448 	EXP 	target_quest: autoDraw = True
10.1264 	EXP 	Imported C:/Users/yarde/Documents/GitHub/BCI4ALS-MI/stim_words.xlsx as conditions, 3 conditions, 4 params
10.1267 	EXP 	Created sequence: fullRandom, trialTypes=3, nReps=4, seed=None
10.1269 	EXP 	New trial (rep=0, index=0): {'stim': 'whiteNoise', 'word': 'שער', 'color': 'grey', 'sound_target': 'C:\\Users\\yarde\\Documents\\GitHub\\BCI4ALS-MI\\PinkNoise.wav'}
10.1359 	EXP 	target_quest: autoDraw = False
10.1359 	EXP 	polygon: autoDraw = True
12.1350 	EXP 	polygon: autoDraw = False
12.1350 	EXP 	target_word: height = 0.2
12.1350 	EXP 	target_word: height = 0.2
12.1350 	EXP 	target_word: text = 'שער'
12.1350 	EXP 	target_word: autoDraw = True
12.8188 	EXP 	New trial (rep=0, index=1): {'stim': 'yes', 'word': 'ןכ', 'color': 'black', 'sound_target': 'C:\\Users\\yarde\\Documents\\GitHub\\BCI4ALS-MI\\YEShebYardenSHORT.wav'}
12.8346 	EXP 	target_word: autoDraw = False
12.8346 	EXP 	polygon: autoDraw = True
14.8358 	EXP 	polygon: autoDraw = False
14.8358 	EXP 	target_word: height = 0.2
14.8358 	EXP 	target_word: height = 0.2
14.8358 	EXP 	target_word: text = 'ןכ'
14.8358 	EXP 	target_word: autoDraw = True
15.5188 	EXP 	New trial (rep=0, index=2): {'stim': 'whiteNoise', 'word': 'שער', 'color': 'grey', 'sound_target': 'C:\\Users\\yarde\\Documents\\GitHub\\BCI4ALS-MI\\PinkNoise.wav'}
15.5353 	EXP 	target_word: autoDraw = False
15.5353 	EXP 	polygon: autoDraw = True
17.5341 	EXP 	polygon: autoDraw = False
17.5341 	EXP 	target_word: height = 0.2
17.5341 	EXP 	target_word: height = 0.2
17.5341 	EXP 	target_word: text = 'שער'
17.5341 	EXP 	target_word: autoDraw = True
18.2185 	EXP 	New trial (rep=1, index=0): {'stim': 'no', 'word': 'אל', 'color': 'black', 'sound_target': 'C:\\Users\\yarde\\Documents\\GitHub\\BCI4ALS-MI\\NOhebYardenSHORT.wav'}
18.2345 	EXP 	target_word: autoDraw = False
18.2345 	EXP 	polygon: autoDraw = True
20.2338 	EXP 	polygon: autoDraw = False
20.2338 	EXP 	target_word: height = 0.2
20.2338 	EXP 	target_word: height = 0.2
20.2338 	EXP 	target_word: text = 'אל'
20.2338 	EXP 	target_word: autoDraw = True
20.9182 	EXP 	New trial (rep=1, index=1): {'stim': 'no', 'word': 'אל', 'color': 'black', 'sound_target': 'C:\\Users\\yarde\\Documents\\GitHub\\BCI4ALS-MI\\NOhebYardenSHORT.wav'}
20.9343 	EXP 	target_word: autoDraw = False
20.9343 	EXP 	polygon: autoDraw = True
21.6789 	EXP 	window1: mouseVisible = True
