0.9704 	WARNING 	We strongly recommend you activate the PTB sound engine in PsychoPy prefs as the preferred audio engine. Its timing is vastly superior. Your prefs are currently set to use ['sounddevice', 'PTB', 'pyo', 'pygame'] (in that order).
6.4681 	EXP 	Created window1 = Window(allowGUI=False, allowStencil=False, autoLog=True, backendConf=UNKNOWN, bitsMode=UNKNOWN, blendMode='avg', bpc=(8, 8, 8), color=array([0, 0, 0]), colorSpace='rgb', depthBits=8, fullscr=<method-wrapper '__getattribute__' of attributeSetter object at 0x000002C8D0BD4AF0>, gamma=None, gammaErrorPolicy='raise', lms=UNKNOWN, monitor=<psychopy.monitors.calibTools.Monitor object at 0x000002C8D2861070>, multiSample=False, name='window1', numSamples=2, pos=(0, 0), screen=0, size=array([1920, 1080]), stencilBits=0, stereo=False, units='norm', useFBO=True, useRetina=False, viewOri=0.0, viewPos=None, viewScale=None, waitBlanking=True, winType='pyglet')
6.4685 	EXP 	window1: mouseVisible = True
6.4685 	EXP 	window1: Attempting to measure frame rate of screen (0) ...
6.4685 	EXP 	window1: recordFrameIntervals = False
6.6339 	EXP 	window1: recordFrameIntervals = True
6.8176 	EXP 	Screen (0) actual frame rate measured at 59.99Hz
6.8176 	EXP 	window1: recordFrameIntervals = False
8.2182 	EXP 	Created image = ImageStim(__class__=<class 'psychopy.visual.image.ImageStim'>, anchor=('center', 'center'), autoLog=True, color=array([1., 1., 1.]), colorSpace='rgb', contrast=1.0, depth=0.0, flipHoriz=False, flipVert=False, image='C:/Users/yarde/Desktop/instructions/Slide1.JPG', interpolate=True, mask=None, maskParams=None, name='image', opacity=1, ori=0.0, pos=array([0., 0.]), size=array([2., 2.]), texRes=128.0, units='norm', win=Window(...))
8.2428 	EXP 	Created target_quest = TextStim(__class__=<class 'psychopy.visual.text.TextStim'>, alignHoriz=method-wrapper(...), alignText='center', alignVert=method-wrapper(...), anchorHoriz='center', anchorVert='center', antialias=True, autoLog=True, bold=False, color=array([-1., -1., -1.]), colorSpace='rgb', contrast=1.0, depth=0.0, flipHoriz=False, flipVert=False, font='Open Sans', fontFiles=[], height=0.05, italic=False, languageStyle='LTR', name='target_quest', opacity=1, ori=0.0, pos=array([0., 0.]), rgb=UNKNOWN, text='', units='norm', win=Window(...), wrapWidth=1)
8.2485 	EXP 	Created polygon = ShapeStim(__class__=<class 'psychopy.visual.shape.ShapeStim'>, anchor=('center', 'center'), autoDraw=False, autoLog=True, closeShape=True, color=method-wrapper(...), colorSpace='rgb', contrast=None, depth=0.0, fillColor=array([-1., -1., -1.]), fillColorSpace='rgb', fillRGB=array([-1., -1., -1.]), interpolate=True, lineColor=array([-1., -1., -1.]), lineColorSpace='rgb', lineRGB=array([-1., -1., -1.]), lineWidth=1.0, name='polygon', opacity=1, ori=0.0, pos=array([0., 0.]), size=array([0.25, 0.25]), units='norm', vertices=ndarray(...), win=Window(...), windingRule=None)
8.2499 	EXP 	Created target_word = TextStim(__class__=<class 'psychopy.visual.text.TextStim'>, alignHoriz=method-wrapper(...), alignText='center', alignVert=method-wrapper(...), anchorHoriz='center', anchorVert='center', antialias=True, autoLog=True, bold=False, color=array([-1., -1., -1.]), colorSpace='rgb', contrast=1.0, depth=0.0, flipHoriz=False, flipVert=False, font='Open Sans', fontFiles=[], height=0.2, italic=False, languageStyle='LTR', name='target_word', opacity=1, ori=0.0, pos=array([0., 0.]), rgb=UNKNOWN, text='', units='norm', win=Window(...), wrapWidth=1)
8.5120 	EXP 	Sound target_sound set volume 1.000
8.5761 	EXP 	image: autoDraw = True
10.3725 	EXP 	Imported C:/Users/yarde/Documents/GitHub/BCI4ALS-MI/questions.xlsx as conditions, 5 conditions, 1 params
10.3728 	EXP 	Created sequence: fullRandom, trialTypes=5, nReps=5, seed=None
10.3730 	EXP 	New trial (rep=0, index=0): {'Question_stim': 'האם את גרה באשדוד?'}
10.4547 	EXP 	image: autoDraw = False
10.4547 	EXP 	target_quest: height = 0.05
10.4547 	EXP 	target_quest: height = 0.05
10.4547 	EXP 	target_quest: text = 'האם את גרה באשדוד?'
10.4547 	EXP 	target_quest: autoDraw = True
11.8920 	EXP 	Imported C:/Users/yarde/Documents/GitHub/BCI4ALS-MI/stim_words.xlsx as conditions, 3 conditions, 4 params
11.8922 	EXP 	Created sequence: fullRandom, trialTypes=3, nReps=4, seed=None
11.8924 	EXP 	New trial (rep=0, index=0): {'stim': 'whiteNoise', 'word': 'שער', 'color': 'grey', 'sound_target': 'C:\\Users\\yarde\\Documents\\GitHub\\BCI4ALS-MI\\PinkNoise.wav'}
11.9015 	EXP 	target_quest: autoDraw = False
11.9015 	EXP 	polygon: autoDraw = True
13.9012 	EXP 	polygon: autoDraw = False
13.9012 	EXP 	target_word: height = 0.2
13.9012 	EXP 	target_word: height = 0.2
13.9012 	EXP 	target_word: text = 'שער'
13.9012 	EXP 	target_word: autoDraw = True
14.5860 	EXP 	New trial (rep=0, index=1): {'stim': 'no', 'word': 'אל', 'color': 'black', 'sound_target': 'C:\\Users\\yarde\\Documents\\GitHub\\BCI4ALS-MI\\NOhebYardenSHORT.wav'}
14.6013 	EXP 	target_word: autoDraw = False
14.6013 	EXP 	polygon: autoDraw = True
16.6009 	EXP 	polygon: autoDraw = False
16.6009 	EXP 	target_word: height = 0.2
16.6009 	EXP 	target_word: height = 0.2
16.6009 	EXP 	target_word: text = 'אל'
16.6009 	EXP 	target_word: autoDraw = True
17.2846 	EXP 	New trial (rep=0, index=2): {'stim': 'yes', 'word': 'ןכ', 'color': 'black', 'sound_target': 'C:\\Users\\yarde\\Documents\\GitHub\\BCI4ALS-MI\\YEShebYardenSHORT.wav'}
17.3009 	EXP 	target_word: autoDraw = False
17.3009 	EXP 	polygon: autoDraw = True
19.3006 	EXP 	polygon: autoDraw = False
19.3006 	EXP 	target_word: height = 0.2
19.3006 	EXP 	target_word: height = 0.2
19.3006 	EXP 	target_word: text = 'ןכ'
19.3006 	EXP 	target_word: autoDraw = True
19.9854 	EXP 	New trial (rep=1, index=0): {'stim': 'no', 'word': 'אל', 'color': 'black', 'sound_target': 'C:\\Users\\yarde\\Documents\\GitHub\\BCI4ALS-MI\\NOhebYardenSHORT.wav'}
20.0010 	EXP 	target_word: autoDraw = False
20.0010 	EXP 	polygon: autoDraw = True
22.0003 	EXP 	polygon: autoDraw = False
22.0003 	EXP 	target_word: height = 0.2
22.0003 	EXP 	target_word: height = 0.2
22.0003 	EXP 	target_word: text = 'אל'
22.0003 	EXP 	target_word: autoDraw = True
22.6853 	EXP 	New trial (rep=1, index=1): {'stim': 'yes', 'word': 'ןכ', 'color': 'black', 'sound_target': 'C:\\Users\\yarde\\Documents\\GitHub\\BCI4ALS-MI\\YEShebYardenSHORT.wav'}
22.7005 	EXP 	target_word: autoDraw = False
22.7005 	EXP 	polygon: autoDraw = True
24.2236 	EXP 	window1: mouseVisible = True
