0.9431 	WARNING 	We strongly recommend you activate the PTB sound engine in PsychoPy prefs as the preferred audio engine. Its timing is vastly superior. Your prefs are currently set to use ['sounddevice', 'PTB', 'pyo', 'pygame'] (in that order).
5.5919 	EXP 	Created window1 = Window(allowGUI=False, allowStencil=False, autoLog=True, backendConf=UNKNOWN, bitsMode=UNKNOWN, blendMode='avg', bpc=(8, 8, 8), color=array([0, 0, 0]), colorSpace='rgb', depthBits=8, fullscr=<method-wrapper '__getattribute__' of attributeSetter object at 0x00000240DCE45AF0>, gamma=None, gammaErrorPolicy='raise', lms=UNKNOWN, monitor=<psychopy.monitors.calibTools.Monitor object at 0x00000240DEAD1040>, multiSample=False, name='window1', numSamples=2, pos=(0, 0), screen=0, size=array([1920, 1080]), stencilBits=0, stereo=False, units='norm', useFBO=True, useRetina=False, viewOri=0.0, viewPos=None, viewScale=None, waitBlanking=True, winType='pyglet')
5.5923 	EXP 	window1: mouseVisible = True
5.5923 	EXP 	window1: Attempting to measure frame rate of screen (0) ...
5.5923 	EXP 	window1: recordFrameIntervals = False
5.7576 	EXP 	window1: recordFrameIntervals = True
5.9412 	EXP 	Screen (0) actual frame rate measured at 60.08Hz
5.9412 	EXP 	window1: recordFrameIntervals = False
6.9540 	EXP 	Created image = ImageStim(__class__=<class 'psychopy.visual.image.ImageStim'>, anchor=('center', 'center'), autoLog=True, color=array([1., 1., 1.]), colorSpace='rgb', contrast=1.0, depth=0.0, flipHoriz=False, flipVert=False, image='C:/Users/yarde/Desktop/instructions/Slide1.JPG', interpolate=True, mask=None, maskParams=None, name='image', opacity=1, ori=0.0, pos=array([0., 0.]), size=array([2., 2.]), texRes=128.0, units='norm', win=Window(...))
6.9542 	EXP 	window1: mouseVisible = False
6.9624 	EXP 	Created target_quest = TextStim(__class__=<class 'psychopy.visual.text.TextStim'>, alignHoriz=method-wrapper(...), alignText='center', alignVert=method-wrapper(...), anchorHoriz='center', anchorVert='center', antialias=True, autoLog=True, bold=False, color=array([-1., -1., -1.]), colorSpace='rgb', contrast=1.0, depth=0.0, flipHoriz=False, flipVert=False, font='Open Sans', fontFiles=[], height=0.05, italic=False, languageStyle='LTR', name='target_quest', opacity=1, ori=0.0, pos=array([0., 0.]), rgb=UNKNOWN, text='', units='norm', win=Window(...), wrapWidth=1)
6.9643 	EXP 	Created polygon = ShapeStim(__class__=<class 'psychopy.visual.shape.ShapeStim'>, anchor=('center', 'center'), autoDraw=False, autoLog=True, closeShape=True, color=method-wrapper(...), colorSpace='rgb', contrast=None, depth=0.0, fillColor=array([-1., -1., -1.]), fillColorSpace='rgb', fillRGB=array([-1., -1., -1.]), interpolate=True, lineColor=array([-1., -1., -1.]), lineColorSpace='rgb', lineRGB=array([-1., -1., -1.]), lineWidth=1.0, name='polygon', opacity=1, ori=0.0, pos=array([0., 0.]), size=array([0.25, 0.25]), units='norm', vertices=ndarray(...), win=Window(...), windingRule=None)
6.9655 	EXP 	Created target_word = TextStim(__class__=<class 'psychopy.visual.text.TextStim'>, alignHoriz=method-wrapper(...), alignText='center', alignVert=method-wrapper(...), anchorHoriz='center', anchorVert='center', antialias=True, autoLog=True, bold=False, color=array([-1., -1., -1.]), colorSpace='rgb', contrast=1.0, depth=0.0, flipHoriz=False, flipVert=False, font='Open Sans', fontFiles=[], height=0.2, italic=False, languageStyle='LTR', name='target_word', opacity=1, ori=0.0, pos=array([0., 0.]), rgb=UNKNOWN, text='', units='norm', win=Window(...), wrapWidth=1)
7.2108 	EXP 	Sound target_sound set volume 1.000
7.3027 	EXP 	image: autoDraw = True
8.5300 	EXP 	Imported C:/Users/yarde/Documents/GitHub/BCI4ALS-MI/questions.xlsx as conditions, 5 conditions, 1 params
8.5303 	EXP 	Created sequence: fullRandom, trialTypes=5, nReps=1, seed=None
8.5304 	EXP 	New trial (rep=0, index=0): {'Question_stim': 'האם איתן גר בישראל?'}
8.5612 	EXP 	image: autoDraw = False
8.5612 	EXP 	target_quest: height = 0.05
8.5612 	EXP 	target_quest: height = 0.05
8.5612 	EXP 	target_quest: text = 'האם איתן גר בישראל?'
8.5612 	EXP 	target_quest: autoDraw = True
10.0493 	EXP 	Imported C:/Users/yarde/Documents/GitHub/BCI4ALS-MI/stim_words.xlsx as conditions, 3 conditions, 4 params
10.0496 	EXP 	Created sequence: fullRandom, trialTypes=3, nReps=2, seed=None
10.0498 	EXP 	New trial (rep=0, index=0): {'stim': 'whiteNoise', 'word': 'שער', 'color': 'grey', 'sound_target': 'C:\\Users\\yarde\\Documents\\GitHub\\BCI4ALS-MI\\PinkNoise.wav'}
10.0589 	EXP 	target_quest: autoDraw = False
10.0589 	EXP 	polygon: autoDraw = True
10.9201 	EXP 	window1: mouseVisible = True
