0.9705 	WARNING 	We strongly recommend you activate the PTB sound engine in PsychoPy prefs as the preferred audio engine. Its timing is vastly superior. Your prefs are currently set to use ['sounddevice', 'PTB', 'pyo', 'pygame'] (in that order).
5.3230 	EXP 	Created window1 = Window(allowGUI=False, allowStencil=False, autoLog=True, backendConf=UNKNOWN, bitsMode=UNKNOWN, blendMode='avg', bpc=(8, 8, 8), color=array([0, 0, 0]), colorSpace='rgb', depthBits=8, fullscr=<method-wrapper '__getattribute__' of attributeSetter object at 0x0000013522CD4AF0>, gamma=None, gammaErrorPolicy='raise', lms=UNKNOWN, monitor=<psychopy.monitors.calibTools.Monitor object at 0x0000013524960070>, multiSample=False, name='window1', numSamples=2, pos=(0, 0), screen=0, size=array([1920, 1080]), stencilBits=0, stereo=False, units='norm', useFBO=True, useRetina=False, viewOri=0.0, viewPos=None, viewScale=None, waitBlanking=True, winType='pyglet')
5.3238 	EXP 	window1: mouseVisible = True
5.3238 	EXP 	window1: Attempting to measure frame rate of screen (0) ...
5.3239 	EXP 	window1: recordFrameIntervals = False
5.4888 	EXP 	window1: recordFrameIntervals = True
5.6725 	EXP 	Screen (0) actual frame rate measured at 60.18Hz
5.6725 	EXP 	window1: recordFrameIntervals = False
6.6761 	EXP 	Created image = ImageStim(__class__=<class 'psychopy.visual.image.ImageStim'>, anchor=('center', 'center'), autoLog=True, color=array([1., 1., 1.]), colorSpace='rgb', contrast=1.0, depth=0.0, flipHoriz=False, flipVert=False, image='C:/Users/yarde/Desktop/instructions/Slide1.JPG', interpolate=True, mask=None, maskParams=None, name='image', opacity=1, ori=0.0, pos=array([0., 0.]), size=array([2., 2.]), texRes=128.0, units='norm', win=Window(...))
6.6844 	EXP 	Created target_quest = TextStim(__class__=<class 'psychopy.visual.text.TextStim'>, alignHoriz=method-wrapper(...), alignText='center', alignVert=method-wrapper(...), anchorHoriz='center', anchorVert='center', antialias=True, autoLog=True, bold=False, color=array([-1., -1., -1.]), colorSpace='rgb', contrast=1.0, depth=0.0, flipHoriz=False, flipVert=False, font='Open Sans', fontFiles=[], height=0.05, italic=False, languageStyle='LTR', name='target_quest', opacity=1, ori=0.0, pos=array([0., 0.]), rgb=UNKNOWN, text='', units='norm', win=Window(...), wrapWidth=1)
6.6862 	EXP 	Created polygon = ShapeStim(__class__=<class 'psychopy.visual.shape.ShapeStim'>, anchor=('center', 'center'), autoDraw=False, autoLog=True, closeShape=True, color=method-wrapper(...), colorSpace='rgb', contrast=None, depth=0.0, fillColor=array([-1., -1., -1.]), fillColorSpace='rgb', fillRGB=array([-1., -1., -1.]), interpolate=True, lineColor=array([-1., -1., -1.]), lineColorSpace='rgb', lineRGB=array([-1., -1., -1.]), lineWidth=1.0, name='polygon', opacity=1, ori=0.0, pos=array([0., 0.]), size=array([0.25, 0.25]), units='norm', vertices=ndarray(...), win=Window(...), windingRule=None)
6.6876 	EXP 	Created target_word = TextStim(__class__=<class 'psychopy.visual.text.TextStim'>, alignHoriz=method-wrapper(...), alignText='center', alignVert=method-wrapper(...), anchorHoriz='center', anchorVert='center', antialias=True, autoLog=True, bold=False, color=array([-1., -1., -1.]), colorSpace='rgb', contrast=1.0, depth=0.0, flipHoriz=False, flipVert=False, font='Open Sans', fontFiles=[], height=0.2, italic=False, languageStyle='LTR', name='target_word', opacity=1, ori=0.0, pos=array([0., 0.]), rgb=UNKNOWN, text='', units='norm', win=Window(...), wrapWidth=1)
6.9329 	EXP 	Sound target_sound set volume 1.000
7.0498 	EXP 	image: autoDraw = True
12.2102 	EXP 	Imported C:/Users/yarde/Documents/GitHub/BCI4ALS-MI/questions.xlsx as conditions, 5 conditions, 1 params
12.2106 	EXP 	Created sequence: fullRandom, trialTypes=5, nReps=1, seed=None
12.2107 	EXP 	New trial (rep=0, index=0): {'Question_stim': 'האם לאריאל יש שני בנים?'}
12.2408 	EXP 	image: autoDraw = False
12.2408 	EXP 	target_quest: height = 0.05
12.2408 	EXP 	target_quest: height = 0.05
12.2408 	EXP 	target_quest: text = 'האם לאריאל יש שני בנים?'
12.2408 	EXP 	target_quest: autoDraw = True
13.7286 	EXP 	Imported C:/Users/yarde/Documents/GitHub/BCI4ALS-MI/stim_words.xlsx as conditions, 3 conditions, 4 params
13.7288 	EXP 	Created sequence: fullRandom, trialTypes=3, nReps=2, seed=None
13.7290 	EXP 	New trial (rep=0, index=0): {'stim': 'whiteNoise', 'word': 'שער', 'color': 'grey', 'sound_target': 'C:\\Users\\yarde\\Documents\\GitHub\\BCI4ALS-MI\\PinkNoise.wav'}
13.7395 	EXP 	target_quest: autoDraw = False
13.7395 	EXP 	polygon: autoDraw = True
14.1508 	EXP 	window1: mouseVisible = True
